2 0 267 15.4297 10.6944 0 0 0 0 744.524 333.467 164.5 
2 0 267 15.4297 10.6944 0 0 0 0 744.524 333.467 164.5 
2 0 268 15.4282 10.6971 -3.27215e-05 5.81717e-05 -7.09995e-07 1.26222e-06 744.12 333.531 164.5 
2 0 269 15.4218 10.7008 -0.000315401 0.000221363 -1.09588e-05 7.17752e-06 743.454 333.459 164.5 
2 0 270 15.4195 10.72 -0.000462942 0.00150357 -1.8447e-05 7.24488e-05 742.866 333.868 164.5 
2 0 271 15.4433 10.8051 0.0016846 0.0092047 0.00012267 0.000578103 742.539 335.149 164.5 
2 0 272 15.4754 10.9136 0.00537516 0.0216526 0.000419567 0.00157893 742.086 335.542 164.5 
2 0 273 15.5075 11.022 0.00986541 0.0367939 0.000846791 0.00301886 742.086 335.542 164.5 
2 0 274 15.543 11.1503 0.0157395 0.0580273 0.00149218 0.00535199 741.748 335.841 164.5 
2 0 275 15.5765 11.2716 0.0221746 0.0812879 0.00229236 0.00824459 741.739 335.812 164.5 
2 0 276 15.6077 11.3929 0.0289803 0.107797 0.00323546 0.0119223 741.229 335.963 164.5 
2 0 277 15.6413 11.513 0.0372373 0.1373 0.00449813 0.0164315 741.117 336.101 164.5 
2 0 278 15.6717 11.6311 0.0455396 0.169539 0.00587929 0.0218024 740.675 336.261 164.5 
2 0 279 15.7097 11.7657 0.0570253 0.210137 0.00795665 0.0291369 740.756 336.564 164.5 
2 0 280 15.7437 11.8861 0.0681884 0.249578 0.010113 0.0367469 740.402 336.615 164.5 
2 0 281 15.7685 11.9835 0.0768066 0.283634 0.0118586 0.0436744 740.511 336.47 164.5 
2 0 282 15.8017 12.0998 0.0894662 0.327845 0.0146174 0.0532865 740.481 336.794 164.5 
2 0 283 15.8254 12.1824 0.0987924 0.360218 0.016708 0.0605168 740.411 336.581 164.5 
2 0 284 15.8693 12.2963 0.118231 0.409199 0.0214523 0.0722684 740.763 337.136 164.5 
2 0 285 15.908 12.4069 0.136118 0.459202 0.025964 0.0847384 740.727 337.151 164.5 
2 0 286 15.9362 12.4937 0.149189 0.498737 0.0292866 0.094713 740.523 337.033 164.5 
2 0 287 15.9609 12.5697 0.160816 0.533745 0.0322881 0.103668 740.364 337.112 164.5 
2 0 288 16.0006 12.6791 0.181919 0.590098 0.0382197 0.119279 740.543 337.539 164.5 
2 0 289 16.0477 12.8076 0.208361 0.660294 0.0459473 0.139552 740.39 337.906 164.5 
2 0 290 16.1013 12.9419 0.239911 0.736409 0.0554668 0.162116 740.31 338.177 164.5 
2 0 291 16.1294 13.0257 0.254534 0.779328 0.0595201 0.174022 740.301 337.805 164.5 
2 0 292 16.1601 13.1096 0.271279 0.823 0.0643514 0.186344 740.083 337.906 164.5 
2 0 293 16.2187 13.2505 0.309249 0.910061 0.0766674 0.213993 740.038 338.751 164.5 
2 0 294 16.302 13.4419 0.36709 1.03771 0.0962138 0.25643 740.068 339.458 164.5 
2 0 295 16.3355 13.5387 0.385342 1.09044 0.101372 0.271675 739.729 338.648 164.5 
2 0 296 16.384 13.6689 0.416186 1.17103 0.111265 0.297414 739.718 339.178 164.5 
2 0 297 16.426 13.7812 0.441409 1.23644 0.119039 0.317429 739.718 339.178 164.5 
2 0 298 16.4754 13.9015 0.473221 1.30871 0.129379 0.340126 739.867 339.497 164.5 
2 0 299 16.5383 14.0408 0.517052 1.39785 0.144455 0.369465 739.952 339.802 164.5 
2 0 300 16.5788 14.1239 0.53993 1.43434 0.151105 0.377647 740.279 339.493 164.5 
2 0 301 16.5927 14.1575 0.537241 1.42307 0.147342 0.366396 740.358 339.04 164.5 
2 0 302 16.5969 14.1474 0.525008 1.36887 0.139668 0.337521 740.657 338.748 164.5 
2 0 303 16.5998 14.1362 0.511174 1.31328 0.131372 0.308236 740.653 338.733 164.5 
2 0 304 16.6154 14.149 0.510125 1.28183 0.128522 0.289332 740.882 338.996 164.5 
2 0 305 16.6494 14.1957 0.52765 1.28479 0.133607 0.285233 741.192 339.408 164.5 
2 0 306 16.7136 14.2972 0.576312 1.34444 0.152042 0.305559 741.329 340.048 164.5 
2 0 307 16.7899 14.4339 0.636954 1.44016 0.175498 0.341346 741.397 340.595 164.5 
2 0 308 16.8839 14.6269 0.715493 1.59443 0.206542 0.40239 741.297 341.289 164.5 
2 0 309 16.9643 14.7916 0.777756 1.71506 0.230055 0.447898 741.307 341.33 164.5 
2 0 310 17.0254 14.9055 0.817487 1.77723 0.24327 0.466881 741.326 341.123 164.5 
2 0 311 17.0696 14.9879 0.837419 1.80275 0.247456 0.469218 741.422 340.946 164.5 
2 0 312 17.0917 15.0036 0.831816 1.75231 0.240087 0.437311 741.64 340.431 164.5 
2 0 313 17.1536 15.1321 0.871178 1.8301 0.253191 0.463941 741.413 341.554 164.5 
2 0 314 17.2129 15.2529 0.906531 1.89701 0.264282 0.485234 741.312 341.793 164.5 
2 0 315 17.2627 15.3538 0.929605 1.93885 0.269586 0.49473 741.312 341.793 164.5 
2 0 316 17.3114 15.4373 0.950676 1.95889 0.273888 0.494054 741.454 341.804 164.5 
2 0 317 17.3667 15.5457 0.978648 2.00695 0.281311 0.506337 741.705 342.148 164.5 
2 0 318 17.4201 15.6487 1.00341 2.04698 0.287128 0.514698 741.683 342.286 164.5 
2 0 319 17.4493 15.6934 0.998395 2.01619 0.278975 0.489927 741.937 341.951 164.5 
2 0 320 17.4725 15.7279 0.986129 1.97352 0.267571 0.460023 741.812 341.951 164.5 
2 0 321 17.4982 15.7672 0.976857 1.93716 0.257765 0.433591 741.895 342.025 164.5 
2 0 322 17.4881 15.743 0.924268 1.82477 0.227751 0.371845 741.919 341.46 164.5 
2 0 323 17.5079 15.7726 0.909281 1.78018 0.216007 0.343175 742.356 342.007 164.5 
2 0 324 17.5919 15.9165 0.97258 1.87568 0.241511 0.381298 742.88 343.328 164.5 
2 0 325 17.6777 16.0774 1.03591 1.98877 0.266565 0.427069 743.074 343.622 164.5 
2 0 326 17.7648 16.2254 1.09879 2.08237 0.29095 0.462741 743.39 343.782 164.5 
2 0 327 17.8376 16.3485 1.14192 2.14209 0.30547 0.481603 743.248 343.776 164.5 
2 0 328 17.8979 16.45 1.16812 2.17285 0.311635 0.486294 743.105 343.874 164.5 
2 0 329 17.9091 16.4644 1.13213 2.09416 0.287945 0.438548 742.948 343.168 164.5 
2 0 330 17.9086 16.4312 1.08259 1.95829 0.25821 0.364321 743.581 342.753 164.5 
2 0 331 17.9137 16.4122 1.04124 1.84387 0.232982 0.301818 743.643 342.934 164.5 
2 0 332 17.9082 16.378 0.987665 1.71379 0.202369 0.232997 743.655 342.698 164.5 
2 0 333 17.9014 16.3447 0.933909 1.58871 0.172264 0.167927 743.655 342.698 164.5 
2 0 334 17.9168 16.3538 0.909529 1.52053 0.156908 0.131556 744.032 343.113 164.5 
2 0 335 17.959 16.427 0.919578 1.53501 0.158464 0.135783 744.111 343.799 164.5 
2 0 336 18.0244 16.5277 0.958255 1.58355 0.173817 0.156374 744.238 344.329 164.5 
2 0 337 18.0863 16.6382 0.991075 1.64268 0.186032 0.181675 744.536 344.493 164.5 
2 0 338 18.1295 16.7016 0.999084 1.64026 0.185994 0.176681 744.562 344.254 164.5 
2 0 339 18.1644 16.7523 0.996192 1.6216 0.180675 0.16392 744.533 344.333 164.5 
2 0 340 18.1922 16.7782 0.984213 1.57196 0.171059 0.136402 744.875 344.137 164.5 
2 0 341 18.2452 16.8521 1.00431 1.58483 0.1772 0.139768 745.516 344.779 164.5 
2 0 342 18.2884 16.898 1.01126 1.56147 0.176834 0.125477 745.557 344.616 164.5 
2 0 343 18.3545 17.003 1.04692 1.61404 0.190424 0.148367 745.79 345.272 164.5 
2 0 344 18.4871 17.2422 1.16581 1.83539 0.244203 0.252845 746.499 346.824 164.5 
2 0 345 18.5984 17.4433 1.2534 2.00063 0.281647 0.327877 746.517 346.848 164.5 
2 0 346 18.6914 17.5836 1.31431 2.08255 0.305329 0.36081 747.025 346.652 164.5 
2 0 347 18.7605 17.6995 1.34257 2.13011 0.312627 0.376332 747.018 346.576 164.5 
2 0 348 18.7701 17.6829 1.29349 2.00658 0.282095 0.308181 747.233 345.439 164.5 
2 0 349 18.7522 17.5668 1.21054 1.75967 0.235689 0.181304 748.14 344.542 164.5 
2 0 350 18.7341 17.463 1.13009 1.53675 0.191467 0.0687683 748.245 344.556 164.5 
2 0 351 18.7161 17.3702 1.05227 1.33536 0.149447 -0.0309218 748.274 344.514 164.5 
2 0 352 18.7375 17.3707 1.02734 1.26033 0.134112 -0.0668759 748.194 345.379 164.5 
2 0 353 18.675 17.2145 0.895814 0.987177 0.0670684 -0.198779 747.952 343.833 164.5 
2 0 354 18.6977 17.217 0.877819 0.92693 0.0568592 -0.223974 748.708 345.247 164.5 
2 0 355 18.6994 17.1884 0.833411 0.82916 0.033964 -0.266966 748.672 344.94 164.5 
2 0 356 18.738 17.231 0.837862 0.826266 0.0354168 -0.26271 748.98 345.719 164.5 
2 0 357 18.769 17.2649 0.832432 0.812585 0.0320113 -0.263814 748.98 345.719 164.5 
2 0 358 18.825 17.3612 0.859143 0.879655 0.0443853 -0.22543 749.561 346.339 164.5 
2 0 359 18.8551 17.3852 0.851811 0.851923 0.0398583 -0.234195 750.194 345.789 164.5 
2 0 360 18.9025 17.4451 0.866739 0.871369 0.046309 -0.21971 750.281 346.249 164.5 
2 0 361 18.9253 17.424 0.849549 0.786318 0.0369188 -0.256628 751.201 345.647 164.5 
2 0 362 18.9977 17.5291 0.896704 0.866556 0.0591958 -0.211929 751.263 346.803 164.5 
2 0 363 18.9948 17.463 0.845359 0.724181 0.0328219 -0.277063 751.614 345.277 164.5 
2 0 364 19.0844 17.6134 0.914795 0.865347 0.0660925 -0.20211 751.688 347.432 164.5 
2 0 365 19.1827 17.7816 0.992817 1.02482 0.10286 -0.119788 752.073 347.879 164.5 
2 0 366 19.2254 17.7973 0.996507 0.982688 0.102478 -0.137853 752.928 346.649 164.5 
2 0 367 19.3146 17.9198 1.05991 1.07946 0.131323 -0.0875607 753.459 347.766 164.5 
2 0 368 19.373 17.966 1.08125 1.07484 0.138976 -0.0879577 754.411 347.206 164.5 
2 0 369 19.4205 18.0027 1.08782 1.05824 0.139236 -0.0942127 754.411 347.206 164.5 
2 0 370 19.4509 17.9755 1.07198 0.959915 0.128515 -0.14034 755.136 346.689 164.5 
2 0 371 19.5452 18.0751 1.13885 1.02852 0.158515 -0.103765 756.214 348.081 164.5 
2 0 372 19.6471 18.1717 1.21295 1.09092 0.191424 -0.0710086 757.158 348.266 164.5 
2 0 373 19.7396 18.2516 1.27223 1.12972 0.216373 -0.0504975 758.013 348.224 164.5 
2 0 374 19.8711 18.4009 1.3795 1.25671 0.264292 0.0127569 759.26 349.184 164.5 
2 0 375 19.9808 18.5258 1.45478 1.34775 0.295529 0.0570654 759.26 349.184 164.5 
2 0 376 20.0797 18.6156 1.51311 1.39034 0.317799 0.0767097 760.266 349.044 164.5 
2 0 377 20.2005 18.7172 1.59742 1.44653 0.352323 0.102592 761.771 349.439 164.5 
2 0 378 20.3714 18.9125 1.74309 1.62158 0.41616 0.186139 763.532 350.592 164.5 
2 0 379 20.5615 19.1182 1.90799 1.80364 0.488064 0.271344 765.371 351.194 164.5 
2 0 380 20.6892 19.1787 1.9862 1.79197 0.515976 0.259853 766.846 350.012 164.5 
2 0 381 20.7788 19.1706 2.01225 1.69207 0.517748 0.205384 767.312 349.422 164.5 
2 0 382 20.8987 19.2435 2.07592 1.69998 0.537911 0.204888 768.39 350.286 164.5 
2 0 383 20.9973 19.2463 2.10936 1.61688 0.542837 0.159816 769.674 349.771 164.5 
2 0 384 21.1404 19.3426 2.19853 1.65723 0.574953 0.176179 771.223 350.852 164.5 
2 0 385 21.2743 19.4074 2.27224 1.65527 0.598815 0.171466 772.854 350.704 164.5 
2 0 386 21.416 19.473 2.35278 1.65432 0.625518 0.16735 774.6 350.951 164.5 
2 0 387 21.5405 19.5393 2.40787 1.65419 0.639181 0.16372 774.562 351.138 164.5 
2 0 388 21.6502 19.5643 2.44137 1.60064 0.64198 0.133996 775.99 350.926 164.5 
2 0 389 21.7236 19.4701 2.42624 1.3951 0.620893 0.0304497 777.992 349.726 164.5 
2 0 390 21.8287 19.4418 2.45198 1.28162 0.620279 -0.0257992 780.013 350.31 164.5 
2 0 391 21.9373 19.4001 2.48083 1.15502 0.621201 -0.087275 781.986 350.323 164.5 
2 0 392 22.0726 19.4033 2.54236 1.09062 0.638112 -0.116966 784.233 350.786 164.5 
2 0 393 22.1832 19.4029 2.56952 1.02412 0.637827 -0.147056 784.233 350.786 164.5 
2 0 394 22.2807 19.3858 2.57808 0.938363 0.628431 -0.185939 785.221 350.627 164.5 
2 0 395 22.3274 19.2005 2.52036 0.639032 0.586766 -0.328637 787.346 349.038 164.5 
2 0 396 22.3622 18.9695 2.4487 0.29144 0.539155 -0.491943 789.532 348.331 164.5 
2 0 397 22.4261 18.7697 2.41664 -0.00328637 0.511963 -0.625868 792.232 348.426 164.5 
2 0 398 22.46 18.4994 2.34652 -0.378183 0.466699 -0.796224 793.979 347.474 164.5 
2 0 399 22.484 18.267 2.26562 -0.690299 0.417119 -0.93219 793.979 347.474 164.5 
2 0 400 22.5154 18.0257 2.19662 -1.00209 0.374425 -1.0651 796.013 347.101 164.5 
2 0 401 22.6239 17.9592 2.2292 -1.07671 0.382408 -1.07897 798.262 348.555 164.5 
2 0 402 22.7591 17.9587 2.2948 -1.06253 0.406408 -1.04904 799.931 349.273 164.5 
2 0 403 22.9094 18.0149 2.37704 -0.974813 0.438047 -0.983711 801.568 349.777 164.5 
2 0 404 23.0487 18.0357 2.44194 -0.934906 0.460513 -0.9432 803.431 349.53 164.5 
2 0 405 23.2021 18.0821 2.52235 -0.862573 0.490104 -0.887664 805.32 349.944 164.5 
2 0 406 23.336 18.1223 2.57435 -0.799859 0.505143 -0.838023 805.314 350.005 164.5 
2 0 407 23.4217 18.0733 2.5618 -0.853623 0.488231 -0.846514 806.31 349.033 164.5 
2 0 408 23.4581 17.864 2.4857 -1.11142 0.44054 -0.954802 808.644 347.432 164.5 
2 0 409 23.5388 17.7415 2.46908 -1.24746 0.423013 -1.00112 811.025 348.057 164.5 
2 0 410 23.6026 17.5678 2.43074 -1.44386 0.39521 -1.07603 812.91 347.448 164.5 
2 0 411 23.699 17.4344 2.43549 -1.58037 0.389118 -1.11999 815.46 347.662 164.5 
2 0 412 23.7683 17.3079 2.40479 -1.7022 0.365786 -1.15583 815.301 347.479 164.5 
2 0 413 23.8381 17.2016 2.37536 -1.79274 0.343572 -1.17557 816.749 347.504 164.5 
2 0 414 23.8767 17.0148 2.30656 -1.98276 0.302541 -1.24364 817.973 346.537 164.5 
2 0 415 23.8889 16.7455 2.20565 -2.27151 0.246647 -1.35863 819.865 345.464 164.5 
2 0 416 23.902 16.4757 2.1093 -2.54942 0.19418 -1.46586 821.419 345.149 164.5 
2 0 417 23.9318 16.2621 2.0377 -2.74391 0.154957 -1.52993 822.964 345.271 164.5 
2 0 418 23.9525 16.083 1.95664 -2.88571 0.111938 -1.56682 822.964 345.271 164.5 
2 0 419 23.9733 15.9198 1.87849 -3.00063 0.0712599 -1.58976 823.929 345.152 164.5 
2 0 420 24.0258 15.8123 1.84389 -3.03809 0.0527874 -1.57424 825.293 345.558 164.5 
2 0 421 24.0977 15.7669 1.83543 -2.99288 0.047516 -1.51855 826.289 346.036 164.5 
2 0 422 24.1704 15.7606 1.82836 -2.89738 0.0430398 -1.4394 827.329 346.21 164.5 
2 0 423 24.2833 15.8437 1.87321 -2.68858 0.0641007 -1.30642 828.756 347.112 164.5 
2 0 424 24.3675 15.8913 1.87953 -2.53165 0.0658287 -1.20169 828.931 346.925 164.5 
2 0 425 24.4194 15.8803 1.84375 -2.45466 0.0468948 -1.13836 829.549 346.317 164.5 
2 0 426 24.4356 15.763 1.76326 -2.51634 0.00645318 -1.14433 830.123 345.275 164.5 
2 0 427 24.4371 15.6247 1.66665 -2.60193 -0.0410232 -1.16189 830.795 344.9 164.5 
2 0 428 24.4734 15.5665 1.6183 -2.58024 -0.0638414 -1.12651 832.192 345.482 164.5 
2 0 429 24.5003 15.521 1.55953 -2.54188 -0.0912815 -1.08371 832.36 345.407 164.5 
2 0 430 24.5192 15.4863 1.49258 -2.48984 -0.122143 -1.03512 832.36 345.407 164.5 
2 0 431 24.5471 15.4749 1.43967 -2.40865 -0.145465 -0.973285 832.969 345.673 164.5 
2 0 432 24.5277 15.3715 1.32779 -2.44806 -0.197191 -0.97186 832.951 344.59 164.5 
2 0 432 24.5277 15.3715 1.32779 -2.44806 -0.197191 -0.97186 832.951 344.59 164.5 
2 0 432 24.5277 15.3715 1.32779 -2.44806 -0.197191 -0.97186 832.951 344.59 164.5 
2 0 432 24.5277 15.3715 1.32779 -2.44806 -0.197191 -0.97186 832.951 344.59 164.5 
2 0 432 24.5277 15.3715 1.32779 -2.44806 -0.197191 -0.97186 832.951 344.59 164.5 
2 0 432 24.5277 15.3715 1.32779 -2.44806 -0.197191 -0.97186 832.951 344.59 164.5 
2 0 432 24.5277 15.3715 1.32779 -2.44806 -0.197191 -0.97186 832.951 344.59 164.5 
2 0 432 24.5277 15.3715 1.32779 -2.44806 -0.197191 -0.97186 832.951 344.59 164.5 
2 0 432 24.5277 15.3715 1.32779 -2.44806 -0.197191 -0.97186 832.951 344.59 164.5 
2 0 432 24.5277 15.3715 1.32779 -2.44806 -0.197191 -0.97186 832.951 344.59 164.5 
1 0 267 18.3203 7.70833 0 0 0 0 795.809 329.831 176.5 
1 0 267 18.3203 7.70833 0 0 0 0 795.809 329.831 176.5 
1 0 268 18.3278 7.72439 0.000163608 0.000349029 3.54997e-06 7.57328e-06 796.261 330.551 176.5 
1 0 269 18.3534 7.77362 0.00129068 0.0025159 4.44116e-05 8.61315e-05 797.156 331.261 176.5 
1 0 270 18.3953 7.85737 0.00408821 0.00811548 0.000186758 0.00037106 797.358 331.837 176.5 
1 0 271 18.4317 7.90918 0.00737549 0.0127897 0.000402155 0.000677033 798.087 331.13 176.5 
1 0 272 18.477 7.95656 0.0125673 0.018201 0.000819021 0.00111062 799.334 331.074 176.5 
1 0 273 18.5223 8.00386 0.0188788 0.0247737 0.00141857 0.00173391 799.334 331.074 176.5 
1 0 274 18.5399 8.00295 0.0217315 0.0245178 0.00172716 0.00169729 798.92 330.352 176.5 
1 0 275 18.6167 8.11723 0.0365027 0.0465366 0.00357318 0.00445386 800.325 331.918 176.5 
1 0 276 18.6396 8.09441 0.0414008 0.041213 0.00424017 0.00367795 800.569 330.324 176.5 
1 0 277 18.7258 8.21605 0.0627815 0.0714729 0.00753773 0.00836067 801.581 332.111 176.5 
1 0 278 18.8299 8.3724 0.0915959 0.114915 0.0123911 0.0157 802.313 332.683 176.5 
1 0 279 18.9289 8.52269 0.121772 0.160897 0.0178735 0.0240797 802.259 332.842 176.5 
1 0 280 19.0014 8.60923 0.145591 0.18923 0.0224668 0.0295192 802.724 332.211 176.5 
1 0 281 19.0163 8.51984 0.149799 0.153898 0.0231565 0.0217043 803.965 330.371 176.5 
1 0 282 19.0295 8.43014 0.153501 0.115577 0.0237687 0.0127844 804.209 330.25 176.5 
1 0 283 19.041 8.32002 0.156647 0.0654947 0.0242769 0.000603135 805.124 329.959 176.5 
1 0 284 19.0798 8.27359 0.17282 0.04224 0.0281098 -0.00529953 805.836 330.525 176.5 
1 0 285 19.114 8.23242 0.187486 0.0202949 0.0316874 -0.0110779 805.843 330.489 176.5 
1 0 286 19.1913 8.31169 0.22602 0.0619568 0.0420252 0.000647653 806.423 331.72 176.5 
1 0 287 19.3132 8.47742 0.291679 0.154887 0.06053 0.0275799 807.377 332.874 176.5 
1 0 288 19.3961 8.52647 0.33655 0.181533 0.0732487 0.0352422 808.514 331.831 176.5 
1 0 289 19.4995 8.63487 0.395862 0.246681 0.0907517 0.0550808 809.369 332.502 176.5 
1 0 290 19.5404 8.56473 0.415508 0.195342 0.0958093 0.0377718 810.416 330.819 176.5 
1 0 291 19.5759 8.50271 0.431709 0.148 0.099804 0.0215126 810.416 330.819 176.5 
1 0 292 19.5938 8.39162 0.435394 0.0638468 0.0995808 -0.00752541 810.885 330.259 176.5 
1 0 293 19.6858 8.4531 0.494621 0.107709 0.118804 0.00794803 812.02 331.884 176.5 
1 0 294 19.8241 8.61036 0.590828 0.227138 0.151452 0.0506518 813.341 332.956 176.5 
1 0 295 19.8728 8.55078 0.615884 0.173208 0.158224 0.0300728 813.73 331.016 176.5 
1 0 296 19.9739 8.60367 0.684612 0.212304 0.181368 0.0442137 815.211 332.06 176.5 
1 0 297 20.0615 8.64968 0.742015 0.245781 0.200253 0.0562484 815.262 332.095 176.5 
1 0 298 20.1572 8.67765 0.806577 0.263445 0.221935 0.062156 817.081 332.04 176.5 
1 0 299 20.2735 8.76187 0.889685 0.332032 0.250922 0.0881535 817.735 332.594 176.5 
1 0 300 20.4216 8.91992 1.00196 0.469118 0.291534 0.14154 818.938 333.428 176.5 
1 0 301 20.5082 8.92275 1.05518 0.458467 0.30801 0.134712 819.563 332.189 176.5 
1 0 302 20.6097 8.97378 1.1223 0.494354 0.330129 0.147076 820.316 332.68 176.5 
1 0 303 20.6965 9.01748 1.17389 0.522578 0.345648 0.156173 820.308 332.699 176.5 
1 0 304 20.8123 9.14221 1.25389 0.631996 0.373033 0.199433 820.897 333.568 176.5 
1 0 305 20.9111 9.19948 1.31512 0.671005 0.392207 0.212357 821.837 333.144 176.5 
1 0 306 20.945 9.09622 1.3075 0.542115 0.381596 0.152939 822.531 331.689 176.5 
1 0 307 21.0223 9.10738 1.34537 0.535491 0.390832 0.147176 823.615 332.665 176.5 
1 0 308 21.1304 9.20581 1.41511 0.622287 0.413928 0.182375 824.233 333.469 176.5 
1 0 309 21.2218 9.2902 1.46507 0.692275 0.42803 0.20976 824.233 333.469 176.5 
1 0 310 21.3494 9.43992 1.5535 0.832621 0.459069 0.268093 825.284 334.268 176.5 
1 0 311 21.4207 9.4512 1.57716 0.816295 0.460725 0.255569 826.114 333.218 176.5 
1 0 312 21.5385 9.60333 1.65194 0.958105 0.485383 0.314437 826.635 334.484 176.5 
1 0 313 21.6153 9.61524 1.67819 0.937713 0.487715 0.299004 827.526 333.522 176.5 
1 0 314 21.7306 9.72934 1.74732 1.03429 0.509549 0.33708 828.671 334.399 176.5 
1 0 315 21.8271 9.82621 1.79264 1.10847 0.520154 0.364334 828.671 334.399 176.5 
1 0 316 21.9147 9.92128 1.8259 1.17841 0.525051 0.389226 829.144 334.562 176.5 
1 0 317 22.0095 10.0013 1.86614 1.22865 0.533098 0.404621 830.41 334.6 176.5 
1 0 318 22.1028 10.0816 1.90313 1.27748 0.539508 0.419117 831.201 334.762 176.5 
1 0 319 22.21 10.1888 1.95495 1.35658 0.552718 0.447476 832.36 335.086 176.5 
1 0 320 22.2533 10.1175 1.92862 1.21999 0.529178 0.374526 832.889 333.674 176.5 
1 0 321 22.3097 10.1346 1.91808 1.19269 0.513441 0.354086 832.856 334.379 176.5 
1 0 322 22.3166 9.9984 1.84748 0.980769 0.469725 0.247137 833.717 333.202 176.5 
1 0 323 22.3493 9.89255 1.80966 0.811233 0.442243 0.162075 835.332 333.333 176.5 
1 0 324 22.3891 9.81321 1.78107 0.678543 0.419621 0.0959659 835.833 333.438 176.5 
1 0 325 22.4351 9.75695 1.76038 0.577761 0.401154 0.0461887 836.627 333.6 176.5 
1 0 326 22.5018 9.7344 1.76522 0.521223 0.395164 0.0183574 838.091 333.853 176.5 
1 0 327 22.5555 9.72738 1.7536 0.48544 0.381442 0.000930102 837.777 333.972 176.5 
1 0 328 22.6212 9.76115 1.75668 0.501126 0.374995 0.0083983 838.405 334.322 176.5 
1 0 329 22.6663 9.72047 1.73381 0.424069 0.356261 -0.0286284 839.24 333.73 176.5 
1 0 330 22.7246 9.71179 1.72765 0.389156 0.34589 -0.0447582 840.26 334.013 176.5 
1 0 331 22.7788 9.66205 1.71621 0.304196 0.333186 -0.0845926 841.717 333.728 176.5 
1 0 332 22.8604 9.68711 1.73904 0.315404 0.337193 -0.0774386 842.204 334.337 176.5 
1 0 333 22.9268 9.70771 1.74181 0.320753 0.33147 -0.0732441 842.323 334.326 176.5 
1 0 334 22.9879 9.72447 1.73747 0.321182 0.322437 -0.071503 843.329 334.301 176.5 
1 0 335 23.0367 9.68273 1.71743 0.248127 0.306002 -0.105249 844.096 333.903 176.5 
1 0 336 23.0981 9.68746 1.71372 0.236049 0.297784 -0.108872 845.011 334.257 176.5 
1 0 337 23.1627 9.69072 1.71379 0.222605 0.29156 -0.113083 845.902 334.345 176.5 
1 0 338 23.2456 9.7204 1.73664 0.2431 0.296482 -0.100785 847.115 334.515 176.5 
1 0 339 23.3285 9.81431 1.75853 0.344297 0.300843 -0.0496421 846.93 335.128 176.5 
1 0 340 23.427 9.9494 1.79918 0.49442 0.314208 0.0241856 847.657 335.6 176.5 
1 0 341 23.5232 10.0503 1.8353 0.596237 0.325104 0.0730758 848.915 335.508 176.5 
1 0 342 23.5784 10.0247 1.81778 0.533776 0.309735 0.0412058 849.419 334.673 176.5 
1 0 343 23.6061 9.91806 1.76566 0.370443 0.277868 -0.0390226 850.491 333.952 176.5 
1 0 344 23.6494 9.8533 1.73481 0.265861 0.257 -0.0890427 851.352 334.213 176.5 
1 0 345 23.6827 9.79687 1.69196 0.175463 0.230719 -0.131133 851.45 334.263 176.5 
1 0 346 23.723 9.76163 1.65935 0.115253 0.209962 -0.157664 852.094 334.328 176.5 
1 0 347 23.6913 9.5361 1.53559 -0.185657 0.145255 -0.300856 852.618 332.708 176.5 
1 0 348 23.7152 9.46764 1.48697 -0.275497 0.11849 -0.338252 853.308 333.758 176.5 
1 0 349 23.7869 9.49245 1.50105 -0.242781 0.12284 -0.315138 855.115 334.495 176.5 
1 0 350 23.8605 9.51374 1.51696 -0.215373 0.127994 -0.295094 855.777 334.518 176.5 
1 0 351 23.9045 9.50412 1.49416 -0.228163 0.114156 -0.295074 855.716 334.292 176.5 
1 0 352 24.0169 9.66305 1.55978 -0.0244301 0.143756 -0.189406 856.859 335.73 176.5 
1 0 353 24.0705 9.67368 1.54763 -0.0174534 0.134774 -0.181981 857.287 334.694 176.5 
1 0 354 24.1128 9.6128 1.52129 -0.102204 0.119052 -0.219496 858.506 334.165 176.5 
1 0 355 24.1533 9.54647 1.49341 -0.190845 0.102908 -0.258125 859.352 334.053 176.5 
1 0 356 24.1608 9.36406 1.42419 -0.425128 0.0669102 -0.367089 860.607 333.083 176.5 
1 0 357 24.1795 9.26374 1.37155 -0.545666 0.0397661 -0.418186 860.595 333.495 176.5 
1 0 358 24.1451 8.99693 1.25242 -0.875433 -0.0192954 -0.570462 861.559 331.992 176.5 
1 0 359 24.1515 8.85291 1.18996 -1.03562 -0.0494184 -0.636642 861.959 332.723 176.5 
1 0 360 24.2246 8.9401 1.21525 -0.892671 -0.0360048 -0.553219 862.144 334.491 176.5 
1 0 361 24.3233 9.05795 1.27271 -0.71473 -0.00714244 -0.454445 863.578 334.877 176.5 
1 0 362 24.3184 8.85288 1.19492 -0.957591 -0.0450349 -0.563558 864.657 332.281 176.5 
1 0 363 24.3267 8.73419 1.13692 -1.08048 -0.0724447 -0.611683 864.59 332.781 176.5 
1 0 364 24.3229 8.56415 1.06546 -1.26459 -0.105862 -0.688738 865.137 332.257 176.5 
1 0 365 24.3404 8.49003 1.02381 -1.31831 -0.12399 -0.700371 865.629 332.826 176.5 
1 0 366 24.3839 8.48433 1.01728 -1.2815 -0.12455 -0.66746 866.399 333.303 176.5 
1 0 367 24.3791 8.29985 0.948911 -1.4754 -0.155356 -0.748149 867.453 331.853 176.5 
1 0 368 24.4272 8.2976 0.951218 -1.42736 -0.150921 -0.708714 868.085 333.073 176.5 
1 0 369 24.4736 8.31191 0.951366 -1.35901 -0.147637 -0.66018 867.955 333.28 176.5 
1 0 370 24.5029 8.27047 0.929518 -1.36418 -0.155189 -0.64866 868.973 332.781 176.5 
1 0 371 24.541 8.23717 0.920002 -1.35811 -0.156545 -0.631882 869.673 332.84 176.5 
1 0 372 24.5474 8.11304 0.87019 -1.46862 -0.1776 -0.672536 870.393 332.025 176.5 
1 0 373 24.6526 8.26055 0.949371 -1.22484 -0.13505 -0.538855 871.443 334.094 176.5 
1 0 374 24.7794 8.45898 1.05379 -0.923432 -0.0810476 -0.379799 872.481 334.73 176.5 
1 0 375 24.8852 8.63075 1.1277 -0.666499 -0.0431253 -0.245897 872.481 334.73 176.5 
1 0 376 24.973 8.75132 1.17584 -0.484244 -0.0186352 -0.151409 873.239 334.481 176.5 
1 0 377 25.0925 8.93949 1.26305 -0.221081 0.0244701 -0.0193047 874.687 335.247 176.5 
1 0 378 25.1681 8.98956 1.29078 -0.145001 0.0375327 0.0183668 875.174 334.366 176.5 
1 0 379 25.2219 8.99096 1.28934 -0.13429 0.0360279 0.0232218 875.846 333.993 176.5 
1 0 380 25.3119 9.0904 1.33468 0.00235278 0.0574666 0.0896544 876.796 334.859 176.5 
1 0 381 25.3859 9.16185 1.35759 0.0980901 0.0674656 0.134639 876.71 334.785 176.5 
1 0 382 25.4223 9.13925 1.33136 0.0691638 0.053181 0.117602 877.224 334.017 176.5 
1 0 383 25.4346 9.03606 1.27478 -0.0627454 0.0243325 0.0504825 877.656 333.388 176.5 
1 0 384 25.489 9.01773 1.27458 -0.0807175 0.0237138 0.0406035 879.094 334.032 176.5 
1 0 385 25.5482 9.05822 1.28048 -0.0222873 0.0261022 0.068362 879.687 334.407 176.5 
1 0 386 25.6037 9.07915 1.28126 0.0088263 0.0259281 0.082148 880.017 334.324 176.5 
1 0 387 25.6401 9.08325 1.25751 0.0170884 0.0137418 0.0844458 880.106 334.259 176.5 
1 0 388 25.6682 9.05892 1.22378 -0.0116591 -0.00307787 0.0685636 880.339 334.036 176.5 
1 0 389 25.7127 9.08017 1.21244 0.0192859 -0.00856549 0.0822635 881.088 334.328 176.5 
1 0 390 25.7556 9.12646 1.19945 0.0813617 -0.0147469 0.110923 881.371 334.586 176.5 
1 0 391 25.7893 9.1382 1.17505 0.0966201 -0.0263869 0.116036 881.76 334.438 176.5 
1 0 392 25.8152 9.14824 1.1414 0.109055 -0.0423145 0.119657 881.762 334.385 176.5 
1 0 393 25.8265 9.14282 1.0902 0.101013 -0.0664985 0.113168 881.548 334.261 176.5 
1 0 394 25.8411 9.13814 1.04515 0.0940955 -0.087153 0.107368 881.741 334.27 176.5 
1 0 395 25.8744 9.204 1.02582 0.178281 -0.0947652 0.146328 882.073 334.827 176.5 
1 0 396 25.9238 9.31623 1.02794 0.31918 -0.0917085 0.212245 882.461 335.42 176.5 
1 0 397 25.9711 9.454 1.02752 0.487898 -0.0899604 0.29039 882.361 335.681 176.5 
1 0 398 26.0168 9.57144 1.02502 0.624251 -0.0892694 0.351013 882.64 335.689 176.5 
1 0 399 26.0453 9.65723 1.00055 0.714721 -0.0993593 0.387863 882.562 335.556 176.5 
1 0 400 26.1064 9.84158 1.01894 0.928763 -0.0882298 0.484476 882.692 336.617 176.5 
1 0 401 26.1716 10.0402 1.04226 1.15324 -0.0749243 0.584143 882.591 336.992 176.5 
1 0 402 26.2169 10.2226 1.03907 1.34852 -0.074893 0.667383 882.154 337.026 176.5 
1 0 403 26.2451 10.3908 1.01397 1.51808 -0.0855944 0.736251 881.506 337.112 176.5 
1 0 404 26.2665 10.5606 0.981094 1.68302 -0.09988 0.801384 880.891 337.375 176.5 
1 0 405 26.2743 10.7174 0.931898 1.82474 -0.121858 0.853753 879.818 337.53 176.5 
1 0 406 26.2783 10.8489 0.879724 1.92802 -0.144827 0.886171 879.859 337.537 176.5 
1 0 407 26.295 11.0283 0.845786 2.08874 -0.158371 0.946044 879.611 338.108 176.5 
1 0 408 26.2911 11.1507 0.786641 2.16941 -0.183978 0.965418 878.682 337.869 176.5 
1 0 409 26.2775 11.2939 0.717251 2.27325 -0.21406 0.99573 877.646 338.111 176.5 
1 0 410 26.2636 11.4407 0.650077 2.37728 -0.242414 1.02549 876.788 338.349 176.5 
1 0 411 26.2496 11.6045 0.585277 2.49857 -0.269002 1.06308 876.12 338.785 176.5 
1 0 412 26.2355 11.7407 0.522965 2.57896 -0.293804 1.07982 876.088 338.724 176.5 
1 0 413 26.1665 11.7271 0.392217 2.46242 -0.351612 0.999708 874.972 337.562 176.5 
1 0 414 26.0585 11.6411 0.216014 2.25576 -0.430462 0.877147 873.584 336.945 176.5 
1 0 415 26.0116 11.7452 0.125306 2.30053 -0.46574 0.880398 872.557 338.484 176.5 
1 0 416 25.9388 11.8162 0.00464967 2.30039 -0.51494 0.861571 870.801 338.405 176.5 
1 0 417 25.8439 11.831 -0.139805 2.22687 -0.574754 0.807191 869.707 337.968 176.5 
1 0 418 25.7853 11.9095 -0.231776 2.23732 -0.607575 0.795114 869.634 338.533 176.5 
1 0 419 25.703 11.9586 -0.350544 2.20883 -0.652829 0.764214 867.962 338.392 176.5 
1 0 420 25.6872 12.2063 -0.378907 2.43676 -0.652819 0.859618 867.221 340.304 176.5 
1 0 421 25.6104 12.2743 -0.484311 2.42415 -0.69056 0.835128 865.904 338.96 176.5 
1 0 422 25.5444 12.412 -0.571409 2.50103 -0.718527 0.855006 863.987 339.744 176.5 
1 0 423 25.4722 12.5672 -0.662881 2.59713 -0.748041 0.88388 861.902 340.053 176.5 
1 0 424 25.4027 12.6814 -0.747025 2.63613 -0.773336 0.884163 861.986 339.853 176.5 
1 0 425 25.367 12.9002 -0.783772 2.80781 -0.774867 0.949448 860.73 341.056 176.5 
1 0 426 25.2819 13.0125 -0.882344 2.83533 -0.80666 0.942708 858.589 340.337 176.5 
1 0 427 25.186 13.1034 -0.990628 2.8334 -0.842535 0.921676 857.174 340.253 176.5 
1 0 428 25.0732 13.1339 -1.11615 2.75284 -0.886091 0.862566 855.763 339.843 176.5 
1 0 429 24.9147 13.0708 -1.29543 2.55358 -0.955063 0.746546 853.845 339.012 176.5 
1 0 430 24.7803 13.0117 -1.43654 2.36565 -1.00386 0.638552 853.845 339.012 176.5 
1 0 431 24.6431 12.9422 -1.5753 2.17035 -1.05047 0.529248 852.251 338.891 176.5 
1 0 432 24.5275 13.0039 -1.68046 2.15066 -1.07962 0.508324 849.696 339.869 176.5 
1 0 433 24.4621 13.2202 -1.71628 2.33045 -1.07417 0.585592 847.767 341.485 176.5 
1 0 434 24.3296 13.5546 -1.83632 2.65582 -1.11011 0.732553 838.876 342.681 176.5 
1 0 435 24.2028 13.836 -1.9438 2.90073 -1.13912 0.836957 837.577 342.541 176.5 
1 0 436 24.0968 14.0714 -2.01961 3.07711 -1.152 0.905555 837.642 342.556 176.5 
1 0 437 24.001 14.2812 -2.0786 3.21336 -1.15637 0.953027 836.911 342.728 176.5 
1 0 438 23.9219 14.4686 -2.1129 3.31523 -1.14854 0.982642 836.228 342.891 176.5 
1 0 439 23.8573 14.6368 -2.12633 3.38774 -1.13065 0.997237 835.832 342.966 176.5 
1 0 440 23.7893 14.7603 -2.14247 3.39917 -1.11447 0.981594 835.541 342.842 176.5 
1 0 441 23.7029 14.7895 -2.18086 3.28768 -1.10954 0.906048 835.27 342.101 176.5 
1 0 442 23.6166 14.7659 -2.21688 3.11122 -1.10355 0.800275 835.036 341.791 176.5 
1 0 443 23.5775 14.8372 -2.18962 3.06253 -1.06668 0.759364 834.539 342.648 176.5 
1 0 444 23.5553 14.9339 -2.14047 3.04765 -1.01987 0.735893 833.908 343.086 176.5 
1 0 445 23.5241 15.0245 -2.10382 3.02466 -0.980179 0.70895 832.792 343.115 176.5 
1 0 446 23.5244 15.1937 -2.02689 3.10322 -0.921602 0.732343 831.754 344.058 176.5 
1 0 447 23.4965 15.2763 -1.98808 3.06672 -0.882947 0.698855 831.358 343.532 176.5 
1 0 448 23.476 15.3407 -1.94035 3.0073 -0.84075 0.65485 831.26 343.462 176.5 
1 0 450 23.5225 15.5288 -1.73546 2.96757 -0.705581 0.607833 834.001 344.146 176.5 
1 0 451 23.4515 15.6415 -1.68552 2.83675 -0.64965 0.519831 834.626 344.754 176.5 
1 0 452 23.4191 15.7893 -1.58762 2.75654 -0.57279 0.459734 834.125 345.084 176.5 
1 0 453 23.4044 15.9711 -1.47246 2.72045 -0.49105 0.422718 833.364 345.076 176.5 
1 0 454 23.3843 16.1179 -1.36953 2.64 -0.418505 0.36547 833.39 345.102 176.5 
1 0 455 23.3643 16.2033 -1.27226 2.48611 -0.351885 0.275072 831.942 345.057 176.5 
1 0 456 23.281 16.2066 -1.25967 2.23812 -0.328908 0.14302 830.586 344.806 176.5 
1 0 457 23.1593 16.1269 -1.29455 1.90275 -0.329655 -0.0254611 829.21 344.66 176.5 
1 0 458 23.0051 15.9965 -1.36488 1.53 -0.34701 -0.203787 827.745 345.061 176.5 
1 0 458 22.7179 15.8622 -1.67347 1.26234 -0.490833 -0.330604 804.426 342.837 176.5 
1 0 459 22.8525 15.869 -1.42676 1.18637 -0.359482 -0.360786 826.58 344.785 176.5 
1 0 460 22.9708 15.8711 -1.2093 1.10733 -0.245262 -0.391836 826.58 344.785 176.5 
1 0 461 23.1064 16.0091 -0.977027 1.20673 -0.126219 -0.334776 825.101 346.077 176.5 
1 0 462 23.2327 16.1937 -0.76464 1.36294 -0.0194556 -0.251098 824.021 346.702 176.5 
1 0 463 23.3115 16.32 -0.621 1.43879 0.051346 -0.208581 822.52 346.47 176.5 
1 0 464 23.3571 16.4242 -0.525172 1.48368 0.0972101 -0.182137 821.169 346.367 176.5 
1 0 465 23.3506 16.4534 -0.500066 1.43052 0.107441 -0.204306 819.377 345.755 176.5 
1 0 466 23.3464 16.4745 -0.472814 1.3688 0.118507 -0.230197 819.377 345.755 176.5 
1 0 467 23.3443 16.5305 -0.444007 1.3546 0.130098 -0.232253 817.84 346.191 176.5 
1 0 468 23.3439 16.6306 -0.414149 1.39789 0.141957 -0.206089 816.547 346.601 176.5 
1 0 469 23.3055 16.6845 -0.434392 1.38027 0.129013 -0.210337 814.591 346.366 176.5 
1 0 469 23.3055 16.6845 -0.434392 1.38027 0.129013 -0.210337 814.591 346.366 176.5 
1 0 469 23.3055 16.6845 -0.434392 1.38027 0.129013 -0.210337 814.591 346.366 176.5 
1 0 469 23.3055 16.6845 -0.434392 1.38027 0.129013 -0.210337 814.591 346.366 176.5 
1 0 469 23.3055 16.6845 -0.434392 1.38027 0.129013 -0.210337 814.591 346.366 176.5 
13 1 267 65.0781 46.6667 0 0 0 0 547.075 529.786 607.5 
13 1 267 65.0781 46.6667 0 0 0 0 547.075 529.786 607.5 
13 1 268 65.0841 46.6667 0.000130886 0 2.83998e-06 0 550.357 529.464 607.5 
13 1 269 65.099 46.6667 0.000784395 0 2.65316e-05 0 553.83 529.101 607.5 
13 1 270 65.1279 46.6667 0.00271656 0 0.000124855 0 557.434 528.787 607.5 
13 1 271 65.1761 46.655 0.00707996 -0.00105221 0.000411115 -6.91162e-05 561.123 527.826 607.5 
13 1 272 65.245 46.6298 0.0149733 -0.00395725 0.0010456 -0.000302915 564.301 526.782 607.5 
13 1 273 65.3137 46.6117 0.0245734 -0.00647685 0.00195838 -0.000542362 564.306 526.939 607.5 
13 1 274 65.3847 46.6176 0.0362988 -0.00547492 0.00324536 -0.000428978 567.197 527.854 607.5 
13 1 275 65.4657 46.6149 0.0518298 -0.00596139 0.00517854 -0.000487742 569.833 527.576 607.5 
13 1 276 65.5457 46.6383 0.0693328 -0.000738899 0.00760839 0.000249699 573.64 528.558 607.5 
13 1 277 65.6492 46.633 0.0948949 -0.00205259 0.0115337 4.36358e-05 576.151 526.864 607.5 
13 1 278 65.7638 46.619 0.126439 -0.00596146 0.0168226 -0.00062265 579.637 526.163 607.5 
13 1 279 65.8669 46.6064 0.15762 -0.0098428 0.0224552 -0.00133562 579.673 526.313 607.5 
13 1 280 65.9809 46.5855 0.195342 -0.0169316 0.0297802 -0.00273719 582.302 525.315 607.5 
13 1 281 66.121 46.5178 0.245973 -0.0421293 0.0403101 -0.00808967 584.954 523.141 607.5 
13 1 282 66.2734 46.4179 0.305424 -0.0824397 0.0534176 -0.0171673 587.066 521.255 607.5 
13 1 283 66.4141 46.3595 0.363747 -0.107263 0.0668888 -0.022959 589.393 522.259 607.5 
13 1 284 66.5499 46.3079 0.423303 -0.130422 0.0812515 -0.0285779 591.786 522.012 607.5 
13 1 285 66.6696 46.2624 0.477951 -0.151777 0.0948533 -0.0339298 591.793 521.921 607.5 
13 1 286 66.7925 46.2223 0.53697 -0.171226 0.110127 -0.0389305 594.33 521.819 607.5 
13 1 287 66.9245 46.1765 0.603568 -0.194771 0.128045 -0.0452657 596.794 521.146 607.5 
13 1 288 67.0523 46.1363 0.670159 -0.215811 0.14642 -0.0510083 599.084 521.01 607.5 
13 1 289 67.1824 46.0902 0.740426 -0.241234 0.166348 -0.0582448 601.38 520.52 607.5 
13 1 290 67.3024 46.072 0.805825 -0.248883 0.185084 -0.0598931 603.274 521.096 607.5 
13 1 291 67.4069 46.0562 0.861994 -0.254863 0.201057 -0.0610136 603.274 521.096 607.5 
13 1 292 67.5103 46.0427 0.918343 -0.259225 0.217304 -0.0615969 605.44 520.937 607.5 
13 1 293 67.632 45.9857 0.989132 -0.296286 0.238783 -0.0736363 606.681 518.964 607.5 
13 1 294 67.7568 45.9246 1.0632 -0.337112 0.261621 -0.0871287 608.885 518.446 607.5 
13 1 295 67.8779 45.883 1.13481 -0.362584 0.283705 -0.0950785 610.847 518.745 607.5 
13 1 296 67.9955 45.8353 1.20388 -0.393235 0.304936 -0.105001 612.493 518.393 607.5 
13 1 297 68.0968 45.7941 1.25892 -0.4184 0.320872 -0.112858 612.494 518.365 607.5 
13 1 298 68.2171 45.7229 1.33048 -0.470032 0.343234 -0.130996 613.704 516.762 607.5 
13 1 299 68.3473 45.6132 1.41068 -0.556531 0.368992 -0.16288 615.262 515.242 607.5 
13 1 300 68.4793 45.4938 1.49205 -0.651814 0.395164 -0.198218 616.274 514.475 607.5 
13 1 301 68.6198 45.3539 1.58063 -0.766253 0.424176 -0.241217 617.513 513.195 607.5 
13 1 302 68.7467 45.2452 1.6551 -0.8496 0.447245 -0.271215 618.895 513.428 607.5 
13 1 303 68.8476 45.1642 1.70277 -0.904751 0.459006 -0.289285 618.932 513.72 607.5 
13 1 304 68.9537 45.0825 1.75462 -0.959698 0.47245 -0.307145 620.144 513.138 607.5 
13 1 305 69.0431 45.0255 1.78811 -0.988376 0.477966 -0.313673 621.586 513.657 607.5 
13 1 306 69.1391 44.965 1.82742 -1.02005 0.485936 -0.321433 623.045 513.139 607.5 
13 1 307 69.2336 44.9012 1.864 -1.05417 0.492644 -0.330175 624.285 512.599 607.5 
13 1 308 69.3412 44.8092 1.91338 -1.11766 0.504888 -0.351689 625.23 511.402 607.5 
13 1 309 69.4311 44.7313 1.94214 -1.16447 0.507893 -0.365598 625.313 511.171 607.5 
13 1 310 69.5202 44.6527 1.96873 -1.21069 0.509896 -0.379076 626.331 510.842 607.5 
13 1 311 69.601 44.5867 1.98508 -1.24162 0.507289 -0.385543 627.598 510.774 607.5 
13 1 312 69.6894 44.5187 2.0089 -1.27378 0.508087 -0.392478 628.762 510.01 607.5 
13 1 313 69.7694 44.462 2.02222 -1.29187 0.504111 -0.392941 630.005 510.177 607.5 
13 1 314 69.8645 44.3889 2.05179 -1.32785 0.507599 -0.401551 630.976 509.125 607.5 
13 1 315 69.9428 44.3282 2.0607 -1.34837 0.501572 -0.402955 630.976 509.125 607.5 
13 1 316 70.0438 44.2117 2.09523 -1.43271 0.507424 -0.433697 631.442 507.114 607.5 
13 1 317 70.1495 44.0737 2.13378 -1.53976 0.515046 -0.474453 632.611 506.208 607.5 
13 1 318 70.2591 43.9306 2.17545 -1.64967 0.523992 -0.515882 633.212 505.279 607.5 
13 1 319 70.3494 43.8235 2.19257 -1.7135 0.521353 -0.535166 634.061 505.773 607.5 
13 1 320 70.4381 43.7208 2.20671 -1.76982 0.517365 -0.550619 634.91 505.176 607.5 
13 1 321 70.5101 43.649 2.19993 -1.78697 0.503637 -0.547431 634.925 505.351 607.5 
13 1 322 70.583 43.5634 2.19377 -1.81967 0.490434 -0.551621 635.745 504.673 607.5 
13 1 323 70.6413 43.5067 2.1696 -1.81596 0.468969 -0.538552 636.508 505.082 607.5 
13 1 324 70.71 43.434 2.15821 -1.83104 0.453935 -0.534608 636.86 504.105 607.5 
13 1 325 70.7799 43.3478 2.14824 -1.86177 0.439845 -0.538159 637.721 503.595 607.5 
13 1 326 70.8587 43.2499 2.14886 -1.90538 0.431049 -0.547767 638.311 502.627 607.5 
13 1 327 70.9142 43.1829 2.12048 -1.90898 0.408599 -0.538139 638.372 502.904 607.5 
13 1 328 70.9806 43.1017 2.10588 -1.92958 0.39315 -0.536801 638.92 502.13 607.5 
13 1 329 71.0409 43.0219 2.08378 -1.94722 0.374407 -0.534075 639.597 501.861 607.5 
13 1 330 71.096 42.9434 2.05548 -1.96217 0.353052 -0.530114 640.286 501.646 607.5 
13 1 331 71.1544 42.866 2.03176 -1.97468 0.334302 -0.525058 640.594 501.072 607.5 
13 1 332 71.231 42.7484 2.0313 -2.03652 0.327095 -0.543805 640.933 499.643 607.5 
13 1 333 71.3002 42.6514 2.02114 -2.07012 0.315364 -0.548596 640.966 499.513 607.5 
13 1 334 71.3629 42.5446 2.0029 -2.11439 0.299968 -0.558434 641.23 498.99 607.5 
13 1 335 71.4511 42.3881 2.01702 -2.2192 0.300488 -0.597287 641.375 497.225 607.5 
13 1 336 71.5224 42.2581 2.00907 -2.28672 0.290337 -0.617356 641.539 497.259 607.5 
13 1 337 71.5869 42.1509 1.99253 -2.32257 0.276236 -0.621709 641.762 497.257 607.5 
13 1 338 71.63 42.0636 1.94923 -2.33165 0.24947 -0.613023 641.75 497.35 607.5 
13 1 339 71.6626 42.0071 1.89377 -2.30075 0.217351 -0.585146 641.8 497.409 607.5 
13 1 340 71.694 41.9494 1.83842 -2.27181 0.185932 -0.558778 642.244 497.219 607.5 
13 1 341 71.7401 41.863 1.8033 -2.27977 0.16497 -0.550854 642.268 496.039 607.5 
13 1 342 71.7988 41.7519 1.78524 -2.31829 0.15272 -0.557929 642.762 495.22 607.5 
13 1 343 71.8683 41.6335 1.78147 -2.3642 0.147663 -0.568451 642.95 494.464 607.5 
13 1 344 71.9473 41.4813 1.78959 -2.45119 0.148487 -0.598726 643.076 493.244 607.5 
13 1 345 72.0108 41.3695 1.77762 -2.48307 0.139526 -0.601571 643.135 493.314 607.5 
13 1 346 72.061 41.2788 1.74903 -2.48656 0.122659 -0.590539 643.418 493.264 607.5 
13 1 347 72.0765 41.2617 1.67688 -2.39535 0.0849238 -0.533621 643.774 494.717 607.5 
13 1 348 72.0934 41.2382 1.60903 -2.31493 0.0500714 -0.483138 643.969 494.299 607.5 
13 1 349 72.1431 41.1534 1.58527 -2.31512 0.0374317 -0.472992 644.062 492.694 607.5 
13 1 350 72.2132 41.0299 1.58826 -2.36432 0.0380936 -0.486956 644.309 491.379 607.5 
13 1 351 72.2614 40.9429 1.56328 -2.36464 0.0251018 -0.476785 644.319 491.723 607.5 
13 1 352 72.3303 40.8037 1.56545 -2.43135 0.0256267 -0.499221 644.448 490.208 607.5 
13 1 353 72.3775 40.7174 1.5399 -2.4276 0.0126143 -0.486792 644.86 490.662 607.5 
13 1 354 72.4221 40.6347 1.51166 -2.41894 -0.00144362 -0.472233 644.979 490.343 607.5 
13 1 355 72.4642 40.5689 1.48138 -2.38833 -0.016199 -0.447257 645.445 490.342 607.5 
13 1 356 72.5044 40.5038 1.44964 -2.35756 -0.0313573 -0.422725 645.477 489.971 607.5 
13 1 357 72.5351 40.4531 1.40687 -2.3089 -0.0515919 -0.389972 645.477 489.971 607.5 
13 1 358 72.5657 40.4009 1.36534 -2.26363 -0.0707919 -0.35956 645.497 489.603 607.5 
13 1 359 72.6039 40.3332 1.33524 -2.23935 -0.084002 -0.340048 645.658 489.02 607.5 
13 1 360 72.6646 40.2244 1.33501 -2.26843 -0.0823285 -0.34704 645.562 487.818 607.5 
13 1 361 72.7366 40.0943 1.34946 -2.32353 -0.0735125 -0.366605 646.03 486.776 607.5 
13 1 362 72.7947 40.0019 1.3457 -2.32794 -0.0737882 -0.360966 646.529 486.994 607.5 
13 1 363 72.841 39.9139 1.32689 -2.32617 -0.0814178 -0.352423 646.541 486.909 607.5 
13 1 364 72.8615 39.8856 1.27557 -2.24741 -0.104791 -0.306397 646.635 487.567 607.5 
13 1 365 72.8992 39.8246 1.24824 -2.21318 -0.115934 -0.28313 646.788 486.734 607.5 
13 1 366 72.9437 39.7494 1.23089 -2.19806 -0.121959 -0.26971 646.967 486.31 607.5 
13 1 367 73.0022 39.6481 1.23206 -2.21682 -0.118793 -0.273149 646.984 485.103 607.5 
13 1 368 73.0803 39.5105 1.25868 -2.28141 -0.103233 -0.29895 646.878 484.031 607.5 
13 1 369 73.144 39.3977 1.26576 -2.31151 -0.0975733 -0.30732 646.959 484.032 607.5 
13 1 370 73.2029 39.2784 1.26672 -2.34874 -0.0950237 -0.319006 646.886 483.467 607.5 
13 1 371 73.2658 39.1535 1.27276 -2.39155 -0.0900469 -0.333174 646.977 482.866 607.5 
13 1 372 73.3163 39.0519 1.26272 -2.40263 -0.093045 -0.331504 646.704 482.941 607.5 
13 1 373 73.3562 38.9702 1.23946 -2.38729 -0.10245 -0.316937 646.996 482.989 607.5 
13 1 374 73.4106 38.8637 1.23583 -2.40414 -0.102048 -0.31844 646.863 481.948 607.5 
13 1 375 73.454 38.7779 1.21811 -2.39345 -0.108555 -0.306428 646.844 482.039 607.5 
13 1 376 73.5271 38.64 1.2395 -2.45002 -0.0957665 -0.327605 647.111 480.593 607.5 
13 1 377 73.6022 38.4994 1.26275 -2.50776 -0.0823421 -0.348908 646.969 479.902 607.5 
13 1 378 73.6867 38.3426 1.2975 -2.584 -0.0635668 -0.378818 647.162 479.022 607.5 
13 1 379 73.748 38.2281 1.30101 -2.60289 -0.0604938 -0.380001 647.192 479.364 607.5 
13 1 380 73.8285 38.0798 1.32931 -2.66415 -0.0453486 -0.401915 647.417 478.172 607.5 
13 1 381 73.894 37.9447 1.33738 -2.70593 -0.04043 -0.413821 647.313 478.062 607.5 
13 1 382 73.9467 37.849 1.32866 -2.69518 -0.0438397 -0.399739 647.483 478.178 607.5 
13 1 383 74.0042 37.7451 1.32639 -2.695 -0.044019 -0.391141 647.294 477.64 607.5 
13 1 384 74.0657 37.6341 1.32947 -2.70352 -0.0415696 -0.386983 647.401 476.984 607.5 
13 1 385 74.1543 37.4612 1.36738 -2.79118 -0.0221117 -0.421684 647.373 475.537 607.5 
13 1 386 74.2267 37.3193 1.38316 -2.8355 -0.0139124 -0.434413 647.368 475.505 607.5 
13 1 387 74.2931 37.2041 1.39064 -2.84355 -0.00995206 -0.429101 647.42 475.415 607.5 
13 1 388 74.3464 37.1116 1.38106 -2.82144 -0.0144326 -0.409132 647.378 475.389 607.5 
13 1 388 74.3464 37.1116 1.38106 -2.82144 -0.0144326 -0.409132 647.378 475.389 607.5 
13 1 388 74.3464 37.1116 1.38106 -2.82144 -0.0144326 -0.409132 647.378 475.389 607.5 
13 1 388 74.3464 37.1116 1.38106 -2.82144 -0.0144326 -0.409132 647.378 475.389 607.5 
13 1 388 74.3464 37.1116 1.38106 -2.82144 -0.0144326 -0.409132 647.378 475.389 607.5 
13 1 388 74.3464 37.1116 1.38106 -2.82144 -0.0144326 -0.409132 647.378 475.389 607.5 
13 1 388 74.3464 37.1116 1.38106 -2.82144 -0.0144326 -0.409132 647.378 475.389 607.5 
13 1 388 74.3464 37.1116 1.38106 -2.82144 -0.0144326 -0.409132 647.378 475.389 607.5 
13 1 388 74.3464 37.1116 1.38106 -2.82144 -0.0144326 -0.409132 647.378 475.389 607.5 
13 1 388 74.3464 37.1116 1.38106 -2.82144 -0.0144326 -0.409132 647.378 475.389 607.5 
12 1 267 57.3438 37.7778 0 0 0 0 302.695 501.527 375 
12 1 267 57.3438 37.7778 0 0 0 0 302.695 501.527 375 
12 1 268 57.3498 37.7698 0.000130886 -0.000174517 2.83998e-06 -3.78669e-06 306.069 500.477 375 
12 1 269 57.3646 37.7586 0.000784395 -0.000664101 2.65316e-05 -2.15329e-05 308.815 500.037 375 
12 1 270 57.3963 37.7305 0.00290107 -0.00254264 0.000134249 -0.000117137 311.845 498.914 375 
12 1 271 57.4443 37.6704 0.00724395 -0.00797697 0.000419135 -0.000473764 314.661 497.191 375 
12 1 272 57.5092 37.6012 0.0146841 -0.0159135 0.00101707 -0.0011115 317.495 496.833 375 
12 1 273 57.574 37.5321 0.0237322 -0.0255649 0.00187725 -0.00202891 317.477 496.813 375 
12 1 274 57.6543 37.4574 0.0370116 -0.037915 0.00333643 -0.00338462 321.064 496.136 375 
12 1 275 57.7441 37.4032 0.0542498 -0.0482485 0.00548356 -0.00466417 324.316 496.72 375 
12 1 276 57.8372 37.3958 0.0746379 -0.0496078 0.00831729 -0.00482681 327.686 497.875 375 
12 1 277 57.9426 37.3892 0.100658 -0.0509377 0.012309 -0.00500107 330.359 497.583 375 
12 1 278 58.0486 37.3925 0.129752 -0.0496189 0.0171747 -0.00473932 333.258 497.787 375 
12 1 279 58.144 37.3955 0.158487 -0.0482156 0.0223521 -0.00444162 333.287 497.781 375 
12 1 280 58.2564 37.3598 0.195661 -0.059935 0.0295689 -0.00673938 336.079 496.256 375 
12 1 281 58.3841 37.2692 0.241631 -0.0932019 0.0391056 -0.0137769 338.593 494.358 375 
12 1 282 58.5255 37.1788 0.296615 -0.128977 0.0512104 -0.0217679 342.233 493.855 375 
12 1 283 58.6621 37.1391 0.353208 -0.144921 0.0642886 -0.0253757 345.382 494.777 375 
12 1 284 58.8 37.104 0.413881 -0.159593 0.0789631 -0.0288161 348.293 494.782 375 
12 1 285 58.9216 37.0836 0.469599 -0.167654 0.0928764 -0.0306276 348.308 494.811 375 
12 1 286 59.0522 37.0447 0.53282 -0.185968 0.109343 -0.0353526 350.969 494.127 375 
12 1 287 59.1909 36.9679 0.603319 -0.226598 0.128402 -0.0466856 353.663 492.896 375 
12 1 288 59.3306 36.8897 0.677148 -0.26972 0.148952 -0.0590588 356.332 492.473 375 
12 1 289 59.4898 36.7667 0.765667 -0.34276 0.174537 -0.0810356 359.459 490.73 375 
12 1 290 59.6414 36.6807 0.851728 -0.393416 0.199814 -0.0962179 362.01 491.095 375 
12 1 291 59.7738 36.6056 0.926471 -0.437843 0.221739 -0.109576 361.968 491.127 375 
12 1 292 59.9079 36.5625 1.00393 -0.459888 0.244884 -0.115473 365.176 491.409 375 
12 1 293 60.0437 36.5367 1.08373 -0.469195 0.269098 -0.116974 368.104 491.625 375 
12 1 294 60.1808 36.5147 1.16547 -0.475439 0.294215 -0.117389 370.674 491.486 375 
12 1 295 60.3256 36.5077 1.25403 -0.469412 0.321992 -0.113309 373.842 491.45 375 
12 1 296 60.4639 36.5258 1.33761 -0.442219 0.348031 -0.101289 376.473 491.737 375 
12 1 297 60.5831 36.5423 1.40487 -0.415862 0.367911 -0.0895573 376.473 491.737 375 
12 1 298 60.7121 36.5455 1.48056 -0.400882 0.391084 -0.082231 379.062 491.219 375 
12 1 299 60.87 36.4527 1.58203 -0.472663 0.424414 -0.109145 382.041 488.724 375 
12 1 300 61.0261 36.4088 1.68113 -0.499023 0.456724 -0.117804 385.924 489.451 375 
12 1 301 61.1735 36.4079 1.7711 -0.484239 0.485214 -0.109716 388.989 490.07 375 
12 1 302 61.32 36.408 1.85916 -0.468377 0.512784 -0.101221 391.393 490.027 375 
12 1 303 61.4446 36.409 1.92434 -0.451602 0.530659 -0.0923957 391.257 489.892 375 
12 1 304 61.5852 36.3606 2.00422 -0.484453 0.554601 -0.10455 393.93 488.488 375 
12 1 305 61.7324 36.2943 2.08941 -0.535344 0.580622 -0.124292 396.965 487.902 375 
12 1 306 61.8926 36.1868 2.18625 -0.628287 0.611418 -0.16195 399.271 486.648 375 
12 1 307 62.0567 36.0817 2.28518 -0.717345 0.642825 -0.197555 402.15 486.009 375 
12 1 308 62.2168 35.9917 2.37763 -0.788795 0.671067 -0.225076 404.682 486.041 375 
12 1 309 62.3516 35.9278 2.44025 -0.830482 0.685823 -0.239153 404.635 486.049 375 
12 1 310 62.4933 35.8868 2.50848 -0.846009 0.702898 -0.241433 407.868 486.122 375 
12 1 311 62.6116 35.9309 2.54856 -0.76641 0.707161 -0.201109 410.589 487.793 375 
12 1 312 62.7389 35.9574 2.597 -0.70769 0.71513 -0.170723 413.412 487.378 375 
12 1 313 62.859 36.0081 2.63551 -0.622615 0.718489 -0.128814 416.109 487.544 375 
12 1 314 62.9951 36.0136 2.69059 -0.590752 0.729352 -0.111747 418.868 486.661 375 
12 1 315 63.1003 36.0329 2.70792 -0.543636 0.722766 -0.087948 418.822 486.902 375 
12 1 316 63.2459 35.9444 2.77091 -0.622747 0.737287 -0.122586 421.5 484.526 375 
12 1 317 63.3888 35.8693 2.82849 -0.684284 0.749082 -0.148561 424.083 484.241 375 
12 1 318 63.5144 35.8859 2.86324 -0.635827 0.750095 -0.123078 427.223 485.697 375 
12 1 319 63.6473 35.9017 2.9051 -0.58957 0.754402 -0.0990387 430.609 485.395 375 
12 1 320 63.7791 35.9165 2.94357 -0.545453 0.757053 -0.0764025 432.999 485.293 375 
12 1 321 63.887 35.917 2.95149 -0.519602 0.74533 -0.0627194 432.989 485.185 375 
12 1 322 64.0198 35.8646 2.98842 -0.558291 0.747458 -0.0796385 435.685 483.922 375 
12 1 323 64.1511 35.8206 3.02179 -0.585562 0.747868 -0.0908725 438.476 483.644 375 
12 1 324 64.2812 35.7975 3.0518 -0.586477 0.746685 -0.0894359 440.734 483.61 375 
12 1 325 64.4329 35.7245 3.10674 -0.648319 0.757345 -0.116922 443.668 482.309 375 
12 1 326 64.5804 35.6767 3.15394 -0.677379 0.764129 -0.12832 446.91 482.529 375 
12 1 327 64.7009 35.637 3.16581 -0.695479 0.753958 -0.134285 447.01 482.508 375 
12 1 328 64.8135 35.6316 3.16682 -0.670431 0.738791 -0.119541 449.265 482.966 375 
12 1 329 64.927 35.6558 3.16814 -0.609335 0.724058 -0.0878363 452.593 483.214 375 
12 1 330 65.0413 35.678 3.16958 -0.552526 0.709666 -0.0587908 454.996 483.07 375 
12 1 331 65.1562 35.7121 3.17099 -0.48257 0.69554 -0.0239956 457.527 483.142 375 
12 1 332 65.3257 35.5776 3.23991 -0.625436 0.714127 -0.0921516 460.227 479.812 375 
12 1 333 65.4646 35.4633 3.2677 -0.738354 0.712556 -0.144565 460.329 479.637 375 
12 1 334 65.6082 35.3667 3.29971 -0.825442 0.713055 -0.183501 462.878 479.463 375 
12 1 335 65.7324 35.3406 3.30565 -0.820939 0.700962 -0.17748 465.83 480.286 375 
12 1 336 65.8476 35.3613 3.29945 -0.757411 0.683247 -0.143069 468.584 480.955 375 
12 1 337 65.9552 35.3945 3.28306 -0.679965 0.66096 -0.102616 471.008 481.231 375 
12 1 338 66.0717 35.4384 3.27784 -0.591448 0.644528 -0.0576176 474.349 481.228 375 
12 1 339 66.1647 35.4776 3.24245 -0.511849 0.613807 -0.0178458 474.349 481.228 375 
12 1 340 66.2609 35.5124 3.21169 -0.440239 0.58596 0.0172476 476.999 481.021 375 
12 1 341 66.3755 35.5296 3.20472 -0.393382 0.570214 0.0396182 479.749 480.551 375 
12 1 342 66.5059 35.5039 3.21748 -0.402702 0.564372 0.0342566 482.398 479.682 375 
12 1 343 66.6264 35.5106 3.21668 -0.370426 0.552061 0.049215 485.26 480.016 375 
12 1 344 66.7697 35.4896 3.24429 -0.374521 0.553816 0.0461836 488.51 479.217 375 
12 1 345 66.8932 35.4588 3.24544 -0.391118 0.54266 0.0371335 488.599 478.755 375 
12 1 346 66.9999 35.4751 3.22449 -0.347079 0.520981 0.057782 491.062 479.448 375 
12 1 347 67.1156 35.504 3.21521 -0.288507 0.505433 0.0850809 494.548 479.656 375 
12 1 348 67.2077 35.5992 3.17562 -0.147227 0.475441 0.152108 497.072 480.627 375 
12 1 349 67.3343 35.5981 3.18113 -0.134015 0.468047 0.155324 499.662 478.925 375 
12 1 350 67.5063 35.5143 3.24396 -0.227213 0.48876 0.106589 503.336 477.133 375 
12 1 351 67.6465 35.4432 3.26359 -0.301108 0.487973 0.068285 503.445 477.11 375 
12 1 352 67.7673 35.4527 3.25721 -0.269272 0.474504 0.0823701 506.354 478.081 375 
12 1 353 67.8871 35.4756 3.24928 -0.221396 0.460567 0.10399 509.556 478.187 375 
12 1 354 67.9825 35.5797 3.20992 -0.0712581 0.43157 0.175085 512.286 479.748 375 
12 1 355 68.1118 35.5998 3.21509 -0.0341108 0.424933 0.189509 515.359 478.098 375 
12 1 356 68.239 35.6454 3.21683 0.0342829 0.416757 0.218894 518.504 478.545 375 
12 1 357 68.3407 35.6848 3.18543 0.09224 0.392563 0.242562 518.504 478.545 375 
12 1 358 68.4754 35.6492 3.19725 0.0515345 0.389999 0.217515 521.587 476.983 375 
12 1 359 68.6229 35.6188 3.22458 0.0189208 0.395068 0.19695 524.837 476.582 375 
12 1 360 68.7733 35.6071 3.2544 0.0111457 0.401251 0.188962 528.503 476.677 375 
12 1 361 68.9026 35.6951 3.25574 0.131585 0.393375 0.243838 532.576 478.322 375 
12 1 362 69.061 35.7009 3.29396 0.142009 0.403703 0.243752 535.238 476.899 375 
12 1 363 69.1892 35.706 3.29171 0.150927 0.394016 0.24293 535.373 476.717 375 
12 1 364 69.2994 35.7803 3.26598 0.248269 0.37305 0.285383 538.67 477.819 375 
12 1 365 69.4019 35.8719 3.23105 0.364197 0.348019 0.336032 541.811 478.291 375 
12 1 366 69.5609 35.8663 3.26953 0.350874 0.359445 0.322364 545.293 476.3 375 
12 1 367 69.721 35.8613 3.30781 0.338388 0.370531 0.309394 548.722 476.164 375 
12 1 368 69.882 35.8706 3.34558 0.34461 0.381134 0.305856 552.109 476.244 375 
12 1 369 70.0123 35.8784 3.34213 0.348246 0.371335 0.301127 552.109 476.244 375 
12 1 370 70.1083 35.9686 3.2944 0.457572 0.340067 0.348235 554.909 477.675 375 
12 1 371 70.2301 36.0454 3.28113 0.545608 0.326331 0.383921 558.847 477.169 375 
12 1 372 70.3661 36.0967 3.28631 0.597311 0.321921 0.401062 561.945 476.809 375 
12 1 373 70.522 36.098 3.3168 0.582492 0.329995 0.385268 564.899 475.825 375 
12 1 374 70.6637 36.1543 3.32746 0.638637 0.32819 0.404558 568.122 476.601 375 
12 1 375 70.7695 36.2017 3.29119 0.681038 0.303444 0.416708 567.996 476.749 375 
12 1 376 70.9152 36.1715 3.30744 0.621663 0.304941 0.378759 570.92 475.23 375 
12 1 377 71.0559 36.1728 3.31635 0.604456 0.302811 0.362267 574.506 475.469 375 
12 1 378 71.208 36.187 3.33932 0.604212 0.307614 0.354433 578.279 475.4 375 
12 1 379 71.3777 36.1844 3.38385 0.58193 0.32287 0.335973 582.096 474.771 375 
12 1 380 71.5702 36.1393 3.45596 0.505491 0.351313 0.291379 585.529 473.958 375 
12 1 381 71.7271 36.1 3.47938 0.438786 0.355303 0.2525 585.586 473.813 375 
12 1 382 71.8298 36.1914 3.43187 0.542726 0.324463 0.298035 588.55 475.966 375 
12 1 383 71.9413 36.2551 3.39688 0.606911 0.300417 0.323129 591.434 475.692 375 
12 1 384 72.1231 36.1689 3.45356 0.475502 0.321783 0.251875 594.222 472.88 375 
12 1 385 72.3337 36.0663 3.54509 0.327302 0.359764 0.173912 597.844 471.936 375 
12 1 386 72.498 36.0758 3.57348 0.328461 0.366009 0.170775 601.347 473.582 375 
12 1 387 72.6306 36.0694 3.55948 0.309014 0.351359 0.157611 601.288 473.352 375 
12 1 388 72.7279 36.1752 3.50032 0.434838 0.314893 0.215895 604.7 475.128 375 
12 1 390 73.3007 36.4456 3.87362 0.751089 0.484769 0.361245 648.032 474.801 375 
12 1 391 73.4871 36.2808 3.72424 0.486476 0.392358 0.21693 611.894 471.15 375 
12 1 392 74.2529 36.3939 4.31561 0.591948 0.662237 0.258318 648.563 471.483 375 
12 1 393 74.5578 36.2698 4.28753 0.395114 0.622685 0.153332 648.708 471.389 375 
12 1 394 74.7623 36.1483 4.13251 0.21396 0.523449 0.0601635 649.014 470.93 375 
12 1 395 74.9362 35.9918 3.94786 0.000501602 0.414051 -0.0448178 649.655 470.074 375 
12 1 396 75.0304 35.9386 3.67359 -0.0685533 0.265876 -0.0757496 650.144 470.299 375 
12 1 397 74.7898 35.8977 2.98642 -0.117588 -0.0782633 -0.0958867 623.453 471.833 375 
12 1 398 74.8645 35.9379 2.73914 -0.0630208 -0.196775 -0.0658304 625.572 471.382 375 
12 1 399 74.9038 35.9316 2.46387 -0.0698193 -0.324063 -0.0664498 625.572 471.479 375 
12 1 400 74.9379 35.9131 2.20265 -0.0916431 -0.438936 -0.0744224 627.316 471.015 375 
12 1 401 75.0136 35.8201 2.01161 -0.202191 -0.515497 -0.123886 629.457 471.393 375 
12 1 402 75.0975 35.7151 1.84584 -0.319442 -0.576522 -0.174403 631.213 471.014 375 
12 1 403 75.4514 35.5401 2.0428 -0.519625 -0.45698 -0.263877 653.552 467.399 375 
12 1 404 75.5085 35.4005 1.85786 -0.660627 -0.525741 -0.321015 654.254 467.252 375 
12 1 405 75.2812 35.4456 1.32295 -0.556877 -0.762593 -0.257107 637.624 469.721 375 
12 1 406 75.3619 35.3305 1.21082 -0.660474 -0.786611 -0.295896 637.724 468.829 375 
12 1 407 75.7102 35.0368 1.35445 -0.957592 -0.66821 -0.420862 654.977 464.779 375 
12 1 407 75.649 34.9734 1.17141 -1.00349 -0.743669 -0.434384 640.536 466.749 375 
12 1 408 75.6944 34.9347 1.13284 -1.01546 -0.746724 -0.430997 649.573 466.398 375 
12 1 409 75.7211 34.9313 1.07221 -0.981172 -0.760527 -0.405013 650.456 466.846 375 
12 1 410 75.7476 34.93 1.01418 -0.944859 -0.772756 -0.37859 651.185 466.931 375 
12 1 411 75.7584 34.9726 0.938589 -0.852973 -0.793335 -0.325498 652.815 467.624 375 
12 1 412 75.7638 35.0246 0.859296 -0.751798 -0.815288 -0.268986 652.762 467.727 375 
12 1 413 75.7881 35.0566 0.808098 -0.679712 -0.823006 -0.227931 654.421 467.504 375 
12 1 414 75.8604 35.0155 0.821248 -0.704331 -0.799028 -0.235139 656.095 466.051 375 
12 1 415 75.9581 34.9396 0.867388 -0.772675 -0.759395 -0.26362 656.908 465.169 375 
12 1 416 76.046 34.8899 0.900032 -0.80451 -0.72722 -0.273603 658.402 465.358 375 
12 1 417 76.157 34.7929 0.961969 -0.896027 -0.681376 -0.312619 659.849 464.39 375 
12 1 418 76.2405 34.7255 0.986934 -0.94602 -0.654626 -0.330456 659.83 464.616 375 
12 1 419 76.324 34.6834 1.01166 -0.961231 -0.62856 -0.330869 661.207 464.641 375 
12 1 420 76.3997 34.6491 1.02598 -0.965526 -0.608154 -0.325925 662.28 464.777 375 
12 1 422 76.515 34.8893 1.00817 -0.576073 -0.591407 -0.121771 674.5 468.665 375 
12 1 422 76.6858 34.4809 1.14697 -1.07565 -0.510792 -0.363981 657.519 459.058 375 
12 1 423 76.734 34.7201 1.12317 -0.722214 -0.511572 -0.183034 676.697 467.972 375 
12 1 424 76.7714 34.9267 1.08684 -0.42303 -0.518479 -0.0325281 676.705 467.863 375 
12 1 425 76.839 35.0908 1.0912 -0.188986 -0.505293 0.0828515 679.472 467.407 375 
12 1 426 76.9404 35.2042 1.13945 -0.0286246 -0.470885 0.159667 681.969 466.809 375 
12 1 427 77.0786 35.2599 1.23387 0.0515198 -0.414586 0.195538 684.737 465.938 375 
12 1 428 77.2088 35.3359 1.31514 0.154838 -0.365928 0.242 687.778 466.198 375 
12 1 429 77.3164 35.471 1.3647 0.33063 -0.333845 0.322986 690.794 467.119 375 
12 1 430 77.3967 35.6006 1.37757 0.492892 -0.320427 0.395617 690.821 467.424 375 
12 1 431 77.5164 35.6832 1.44119 0.588581 -0.282423 0.434078 694.001 466.703 375 
12 1 432 77.6306 35.7674 1.49567 0.68251 -0.249713 0.470857 696.729 466.915 375 
12 1 433 77.732 35.9087 1.53206 0.846349 -0.226558 0.54111 699.794 467.762 375 
12 1 434 77.8697 35.9868 1.61414 0.922446 -0.181513 0.566871 702.607 466.803 375 
12 1 435 78.0461 35.9965 1.74357 0.907246 -0.114219 0.547345 705.379 465.628 375 
12 1 436 78.2006 35.9896 1.84025 0.870631 -0.0644132 0.517742 705.411 465.498 375 
12 1 437 78.3755 35.9685 1.95983 0.816479 -0.00444301 0.480175 708.358 464.974 375 
12 1 438 78.5204 36.0052 2.03661 0.838314 0.0332771 0.480645 711.078 465.774 375 
12 1 439 78.6552 36.0635 2.09769 0.88671 0.0625006 0.494119 714.338 466.153 375 
12 1 440 78.797 36.1121 2.16561 0.920571 0.0944514 0.500184 716.824 465.862 375 
12 1 441 78.9683 36.1104 2.2691 0.887963 0.143152 0.47355 719.409 464.976 375 
12 1 442 79.1097 36.1077 2.33022 0.854626 0.170052 0.447124 719.364 465.033 375 
12 1 443 79.2488 36.118 2.38624 0.838891 0.193877 0.429888 722.041 465.124 375 
12 1 444 79.4804 35.9996 2.55932 0.657411 0.274558 0.3318 724.888 462.571 375 
12 1 445 79.6651 35.9531 2.66561 0.574538 0.320796 0.28412 727.702 463.451 375 
12 1 446 79.8016 35.9962 2.70566 0.609891 0.333586 0.295391 730.238 464.784 375 
12 1 447 79.9359 36.0461 2.74127 0.65258 0.343927 0.310016 732.817 464.822 375 
12 1 448 80.0447 36.0879 2.74244 0.682936 0.337174 0.318286 732.847 464.725 375 
12 1 449 80.1788 36.0946 2.77592 0.666737 0.346399 0.303567 735.746 464.092 375 
12 1 450 80.3268 36.0992 2.8257 0.648157 0.363408 0.287995 738.948 464.012 375 
12 1 451 80.4392 36.158 2.82764 0.699837 0.356619 0.307184 741.196 464.824 375 
12 1 452 80.5763 36.1933 2.86096 0.719042 0.365346 0.31005 744.534 464.303 375 
12 1 453 80.7581 36.1663 2.95035 0.657074 0.401368 0.273078 746.607 463.095 375 
12 1 454 80.9071 36.1421 2.99412 0.600495 0.414262 0.239535 746.607 463.095 375 
12 1 455 81.0674 36.1202 3.05045 0.548755 0.433043 0.209078 750.448 462.931 375 
12 1 456 81.1743 36.1844 3.03555 0.609579 0.416512 0.234429 752.504 464.191 375 
12 1 457 81.3298 36.1824 3.08347 0.582698 0.43112 0.216262 755.499 462.959 375 
12 1 458 81.5347 36.1097 3.19309 0.465374 0.475652 0.154163 757.805 461.552 375 
12 1 459 81.6953 36.0884 3.24128 0.418342 0.489133 0.127832 759.953 462.286 375 
12 1 460 81.8178 36.0833 3.2382 0.393729 0.477202 0.113047 760.05 462.541 375 
12 1 461 81.9548 36.0642 3.2535 0.351757 0.474535 0.0900715 762.658 462.1 375 
12 1 462 82.1121 36.0331 3.29398 0.295718 0.484258 0.0606922 765.444 461.63 375 
12 1 463 82.2081 36.0897 3.25344 0.354694 0.454078 0.0882986 767.923 462.992 375 
12 1 464 82.3458 36.0955 3.26785 0.346066 0.451462 0.0821894 770.438 462.091 375 
12 1 465 82.48 36.1138 3.2768 0.35369 0.446229 0.0841745 772.891 462.071 375 
12 1 466 82.5876 36.1287 3.25066 0.356658 0.423915 0.0838351 772.891 462.071 375 
12 1 467 82.696 36.1547 3.22605 0.373771 0.402823 0.0904351 775.982 462.189 375 
12 1 468 82.7657 36.2462 3.15209 0.474588 0.357999 0.137911 778.178 463.134 375 
12 1 469 82.8732 36.2817 3.12909 0.49961 0.339099 0.147234 780.374 462.379 375 
12 1 470 83.0131 36.2692 3.14836 0.461708 0.34132 0.125524 782.663 461.501 375 
12 1 471 83.1335 36.2855 3.14155 0.462176 0.330709 0.123079 785.209 461.872 375 
12 1 472 83.2294 36.2986 3.103 0.458299 0.304773 0.118557 785.209 461.872 375 
12 1 473 83.3121 36.3508 3.04857 0.504941 0.271608 0.138887 787.969 462.363 375 
24 0 299 44.0625 49.3056 0 0 0 0 1040.22 482.923 101.5 
24 0 299 44.0625 49.3056 0 0 0 0 1040.22 482.923 101.5 
24 0 300 44.0625 49.3056 0 0 0 0 1040.55 483.023 101.5 
24 0 302 44.1342 49.3007 0.00479717 -0.000328022 0.000244262 -1.67022e-05 1070.66 484.113 101.5 
24 0 303 44.2157 49.2949 0.0143678 -0.00100032 0.00102628 -7.13094e-05 1070.66 484.113 101.5 
24 0 304 44.3 49.2892 0.028819 -0.00196639 0.00265772 -0.000179854 1071.8 484.266 101.5 
24 0 305 44.3787 49.2915 0.046786 -0.00173859 0.00523811 -0.000176731 1071.25 484.224 101.5 
24 0 305 44.3401 49.3021 0.0368175 0.000947733 0.00365186 0.00024238 1040.33 483.252 101.5 
24 0 305 44.3401 49.3021 0.0368175 0.000947733 0.00365186 0.00024238 1040.33 483.252 101.5 
24 0 305 44.3401 49.3021 0.0368175 0.000947733 0.00365186 0.00024238 1040.33 483.252 101.5 
24 0 305 44.3401 49.3021 0.0368175 0.000947733 0.00365186 0.00024238 1040.33 483.252 101.5 
24 0 305 44.3401 49.3021 0.0368175 0.000947733 0.00365186 0.00024238 1040.33 483.252 101.5 
24 0 305 44.3401 49.3021 0.0368175 0.000947733 0.00365186 0.00024238 1040.33 483.252 101.5 
24 0 305 44.3401 49.3021 0.0368175 0.000947733 0.00365186 0.00024238 1040.33 483.252 101.5 
24 0 306 44.4135 49.2934 0.0571481 -0.00149501 0.00708859 -0.000175592 1064.36 483.847 101.5 
24 0 313 44.3737 49.295 0.0442761 -0.000990051 0.00465049 -8.07712e-05 1042.14 483.161 101.5 
24 0 314 44.3217 49.306 0.025988 0.00280562 0.000964481 0.000676591 1037.74 483.221 101.5 
24 0 315 44.2753 49.3257 0.00819316 0.0101528 -0.00284238 0.00223839 1037.34 483.404 101.5 
24 0 316 44.234 49.3332 -0.00891384 0.0131296 -0.00670058 0.00289256 1037.61 483.274 101.5 
24 0 317 44.1972 49.3398 -0.0251777 0.0159313 -0.0105429 0.00353626 1037.67 483.069 101.5 
24 0 317 44.1972 49.3398 -0.0251777 0.0159313 -0.0105429 0.00353626 1037.67 483.069 101.5 
24 0 317 44.1972 49.3398 -0.0251777 0.0159313 -0.0105429 0.00353626 1037.67 483.069 101.5 
24 0 317 44.1972 49.3398 -0.0251777 0.0159313 -0.0105429 0.00353626 1037.67 483.069 101.5 
24 0 317 44.1972 49.3398 -0.0251777 0.0159313 -0.0105429 0.00353626 1037.67 483.069 101.5 
24 0 317 44.1972 49.3398 -0.0251777 0.0159313 -0.0105429 0.00353626 1037.67 483.069 101.5 
24 0 317 44.1972 49.3398 -0.0251777 0.0159313 -0.0105429 0.00353626 1037.67 483.069 101.5 
24 0 317 44.1972 49.3398 -0.0251777 0.0159313 -0.0105429 0.00353626 1037.67 483.069 101.5 
24 0 317 44.1972 49.3398 -0.0251777 0.0159313 -0.0105429 0.00353626 1037.67 483.069 101.5 
24 0 317 44.1972 49.3398 -0.0251777 0.0159313 -0.0105429 0.00353626 1037.67 483.069 101.5 
25 0 316 38.3203 49.5139 0 0 0 0 880.257 474.367 101.5 
25 0 316 38.3203 49.5139 0 0 0 0 880.257 474.367 101.5 
25 0 316 38.3203 49.5139 0 0 0 0 880.257 474.367 101.5 
25 0 316 38.3203 49.5139 0 0 0 0 880.257 474.367 101.5 
25 0 316 38.3203 49.5139 0 0 0 0 880.257 474.367 101.5 
25 0 316 38.3203 49.5139 0 0 0 0 880.257 474.367 101.5 
25 0 316 38.3203 49.5139 0 0 0 0 880.257 474.367 101.5 
25 0 316 38.3203 49.5139 0 0 0 0 880.257 474.367 101.5 
25 0 316 38.3203 49.5139 0 0 0 0 880.257 474.367 101.5 
25 0 316 38.3203 49.5139 0 0 0 0 880.257 474.367 101.5 
25 0 316 38.3203 49.5139 0 0 0 0 880.257 474.367 101.5 
26 0 419 38.2812 49.5139 0 0 0 0 879.074 474.32 107.5 
26 0 419 38.2812 49.5139 0 0 0 0 879.074 474.32 107.5 
26 0 419 38.2812 49.5139 0 0 0 0 879.074 474.32 107.5 
26 0 419 38.2812 49.5139 0 0 0 0 879.074 474.32 107.5 
26 0 419 38.2812 49.5139 0 0 0 0 879.074 474.32 107.5 
26 0 419 38.2812 49.5139 0 0 0 0 879.074 474.32 107.5 
26 0 419 38.2812 49.5139 0 0 0 0 879.074 474.32 107.5 
26 0 419 38.2812 49.5139 0 0 0 0 879.074 474.32 107.5 
26 0 419 38.2812 49.5139 0 0 0 0 879.074 474.32 107.5 
26 0 419 38.2812 49.5139 0 0 0 0 879.074 474.32 107.5 
26 0 419 38.2812 49.5139 0 0 0 0 879.074 474.32 107.5 
27 1 423 77.1484 32.9861 0 0 0 0 657.567 459.045 305.5 
27 1 423 77.1484 32.9861 0 0 0 0 657.567 459.045 305.5 
27 1 424 77.1484 32.9861 0 0 0 0 657.476 459.049 305.5 
27 1 425 77.1549 32.9745 0.000286326 -0.00050902 1.03821e-05 -1.8457e-05 657.599 458.554 305.5 
27 1 426 77.1766 32.9361 0.00173209 -0.00307929 8.39744e-05 -0.000149289 657.511 457.265 305.5 
27 1 427 77.2037 32.8879 0.0041861 -0.00744202 0.00024493 -0.000435435 657.326 457.041 305.5 
27 1 428 77.2394 32.8178 0.00827925 -0.0154759 0.000573832 -0.00108115 657.202 456.592 305.5 
27 1 429 77.2629 32.7768 0.0115434 -0.0211851 0.00088328 -0.00162208 657.282 457.265 305.5 
27 1 430 77.2812 32.7371 0.0145493 -0.0277164 0.00121138 -0.0023364 657.278 457.386 305.5 
27 1 431 77.317 32.6666 0.0214229 -0.0412389 0.00206817 -0.00402225 657.052 456.447 305.5 
27 1 432 77.36 32.584 0.0308452 -0.0593696 0.00338063 -0.00654744 656.989 455.983 305.5 
27 1 433 77.4044 32.4903 0.0418071 -0.0825174 0.00506313 -0.0101043 656.689 455.735 305.5 
27 1 434 77.455 32.3778 0.0557459 -0.113573 0.00740041 -0.0153204 656.137 454.986 305.5 
27 1 435 77.5164 32.2389 0.0744762 -0.156028 0.0108056 -0.0230506 655.91 454.294 305.5 
27 1 436 77.5715 32.1144 0.0927168 -0.197398 0.0143482 -0.0310979 656.028 454.227 305.5 
27 1 437 77.6426 31.9643 0.118475 -0.251795 0.0197125 -0.0424192 655.603 453.345 305.5 
27 1 438 77.6777 31.8808 0.131533 -0.283179 0.0224843 -0.0491298 655.41 454.349 305.5 
27 1 439 77.7372 31.7463 0.156137 -0.339019 0.0281679 -0.0620486 655.037 453.124 305.5 
27 1 440 77.807 31.5865 0.187127 -0.410216 0.0357146 -0.0794159 654.559 452.443 305.5 
27 1 441 77.8686 31.4456 0.215653 -0.475808 0.0428922 -0.0959516 654.337 452.403 305.5 
27 1 442 77.9346 31.29 0.24794 -0.55245 0.0513565 -0.116115 654.332 451.784 305.5 
27 1 443 78.0105 31.1213 0.287288 -0.639869 0.0621161 -0.139994 654.048 451.228 305.5 
27 1 444 78.0893 30.9409 0.329849 -0.737672 0.0741185 -0.167611 653.853 450.672 305.5 
27 1 445 78.14 30.8155 0.356024 -0.803956 0.0812762 -0.186009 653.766 451.279 305.5 
27 1 446 78.1904 30.6951 0.382678 -0.868716 0.0887238 -0.204264 653.548 451.03 305.5 
27 1 447 78.2405 30.5679 0.409714 -0.939551 0.0964171 -0.224828 652.706 450.561 305.5 
27 1 448 78.284 30.446 0.432447 -1.00783 0.102745 -0.244793 652.672 450.492 305.5 
27 1 449 78.3152 30.3516 0.44621 -1.05634 0.106 -0.258052 652.606 450.688 305.5 
27 1 450 78.3485 30.2473 0.461565 -1.11298 0.109853 -0.27434 652.225 450.37 305.5 
27 1 451 78.4097 30.0993 0.499439 -1.20513 0.121988 -0.303754 652.041 449.293 305.5 
27 1 452 78.5087 29.8775 0.569094 -1.35928 0.146068 -0.356494 651.658 447.743 305.5 
27 1 453 78.5747 29.7089 0.610733 -1.46858 0.159527 -0.392268 650.997 448.106 305.5 
27 1 454 78.6315 29.5634 0.644268 -1.55735 0.169852 -0.420107 650.997 448.106 305.5 
27 1 455 78.6734 29.4506 0.664128 -1.61611 0.174775 -0.436085 650.643 448.291 305.5 
27 1 456 78.6954 29.3546 0.665138 -1.6586 0.172135 -0.445513 650.252 448.462 305.5 
27 1 457 78.7478 29.2123 0.694825 -1.74425 0.181157 -0.472444 649.676 447.364 305.5 
27 1 458 78.8133 29.0293 0.736691 -1.86826 0.195151 -0.515046 649.33 446.549 305.5 
27 1 459 78.8621 28.8852 0.761619 -1.95233 0.202004 -0.540748 649.012 446.65 305.5 
27 1 460 78.9034 28.763 0.77841 -2.01296 0.20538 -0.556397 649.012 446.65 305.5 
27 1 461 78.9592 28.6097 0.809642 -2.10406 0.21488 -0.584898 648.659 445.972 305.5 
27 1 462 79.0205 28.4419 0.846032 -2.20835 0.226515 -0.618823 647.903 445.428 305.5 
27 1 463 79.0652 28.3126 0.86402 -2.26978 0.230049 -0.633811 647.846 445.625 305.5 
27 1 464 79.0737 28.23 0.842581 -2.27951 0.216284 -0.626007 647.023 446.168 305.5 
27 1 465 79.0722 28.1624 0.810391 -2.27192 0.19793 -0.610648 646.085 446.142 305.5 
27 1 466 79.0694 28.1078 0.776985 -2.24921 0.179254 -0.588747 646.09 446.17 305.5 
27 1 467 79.1021 27.9997 0.783344 -2.28569 0.178612 -0.593619 645.858 445.122 305.5 
27 1 468 79.1215 27.8972 0.774491 -2.31437 0.171127 -0.594912 644.957 445.01 305.5 
27 1 469 79.1442 27.7734 0.769287 -2.36584 0.165398 -0.606512 643.754 444.508 305.5 
27 1 470 79.1549 27.6576 0.750253 -2.40635 0.153451 -0.612954 642.804 444.413 305.5 
27 1 471 79.1477 27.5753 0.710846 -2.40658 0.132351 -0.600856 641.897 444.626 305.5 
27 1 472 79.1325 27.5089 0.662897 -2.38767 0.107643 -0.580137 641.915 444.722 305.5 
27 1 473 79.1105 27.4561 0.60792 -2.35243 0.0800745 -0.552196 641.179 444.686 305.5 
28 0 453 43.9062 49.375 0 0 0 0 1035.87 483 101 
28 0 453 43.9062 49.375 0 0 0 0 1035.87 483 101 
28 0 453 43.9062 49.375 0 0 0 0 1035.87 483 101 
28 0 453 43.9062 49.375 0 0 0 0 1035.87 483 101 
28 0 453 43.9062 49.375 0 0 0 0 1035.87 483 101 
28 0 453 43.9062 49.375 0 0 0 0 1035.87 483 101 
28 0 453 43.9062 49.375 0 0 0 0 1035.87 483 101 
28 0 453 43.9062 49.375 0 0 0 0 1035.87 483 101 
28 0 453 43.9062 49.375 0 0 0 0 1035.87 483 101 
28 0 453 43.9062 49.375 0 0 0 0 1035.87 483 101 
28 0 453 43.9062 49.375 0 0 0 0 1035.87 483 101 
29 0 454 38.2422 49.5139 0 0 0 0 878.339 474.255 118 
29 0 454 38.2422 49.5139 0 0 0 0 878.339 474.255 118 
29 0 454 38.2422 49.5139 0 0 0 0 878.339 474.255 118 
29 0 454 38.2422 49.5139 0 0 0 0 878.339 474.255 118 
29 0 454 38.2422 49.5139 0 0 0 0 878.339 474.255 118 
29 0 454 38.2422 49.5139 0 0 0 0 878.339 474.255 118 
29 0 454 38.2422 49.5139 0 0 0 0 878.339 474.255 118 
29 0 454 38.2422 49.5139 0 0 0 0 878.339 474.255 118 
29 0 454 38.2422 49.5139 0 0 0 0 878.339 474.255 118 
29 0 454 38.2422 49.5139 0 0 0 0 878.339 474.255 118 
30 0 459 21.5234 14.5139 0 0 0 0 802.618 341.827 252.5 
30 0 459 21.5234 14.5139 0 0 0 0 802.618 341.827 252.5 
30 0 460 21.5234 14.5139 0 0 0 0 802.618 341.827 252.5 
30 0 461 21.5213 14.5293 -9.54419e-05 0.000678698 -3.4607e-06 2.46094e-05 800.295 342.411 252.5 
30 0 462 21.5407 14.6263 0.0012062 0.00716718 6.28237e-05 0.000354935 798.622 344.517 252.5 
30 0 463 21.5655 14.7741 0.00344547 0.0205358 0.000209734 0.00123206 796.465 345.427 252.5 
30 0 464 21.5616 14.9019 0.00299616 0.0351671 0.000172802 0.0024065 793.751 344.68 252.5 
30 0 465 21.5334 15.0149 -0.000981841 0.0509221 -0.000207947 0.00390162 790.997 344.454 252.5 
30 0 466 21.506 15.1244 -0.00554983 0.0689555 -0.000711998 0.00587671 790.997 344.454 252.5 
30 0 467 21.4661 15.2443 -0.0132545 0.0918756 -0.00167592 0.00872367 788.955 344.652 252.5 
30 0 468 21.4097 15.3471 -0.0257199 0.114188 -0.00341873 0.0118083 787.139 344.35 252.5 
30 0 469 21.3179 15.4056 -0.048656 0.128142 -0.00696382 0.0138993 784.194 343.827 252.5 
30 0 471 21.4875 15.7398 0.00641122 0.224068 0.00353736 0.0305886 809.687 346.188 252.5 
30 0 472 21.6209 16.0442 0.0595261 0.327779 0.015283 0.0512443 809.834 346.489 252.5 
30 0 473 21.7153 16.3144 0.104043 0.433744 0.0263725 0.0748348 808.043 346.854 252.5 
30 0 474 21.7093 16.449 0.105412 0.487458 0.0274314 0.0870913 805.863 346.407 252.5 
