2 0 268 15.3906 10.7639 0 0 0 0 744.12 333.531 161.5 
2 0 269 15.3125 10.7639 0 0 0 0 743.454 333.459 154 
2 0 270 15.3906 10.9722 0 0 0 0 742.866 333.868 142.5 
2 0 271 15.7031 11.7361 0 0 0 0 742.539 335.149 147.5 
2 0 272 15.7812 11.9444 0 0 0 0 742.086 335.542 186 
2 0 273 15.7812 11.9444 0 0 0 0 742.086 335.542 186 
2 0 274 15.8203 12.1528 0 0 0 0 741.748 335.841 176.5 
2 0 275 15.8203 12.1528 0 0 0 0 741.739 335.812 192 
2 0 276 15.8203 12.2222 0 0 0 0 741.229 335.963 202.5 
2 0 277 15.8594 12.2917 0 0 0 0 741.117 336.101 195 
2 0 278 15.8594 12.3611 0 0 0 0 740.675 336.261 177.5 
2 0 279 15.9375 12.5694 0 0 0 0 740.756 336.564 177.5 
2 0 280 15.9375 12.5694 0 0 0 0 740.402 336.615 158.5 
2 0 281 15.8984 12.5 0 0 0 0 740.511 336.47 164.5 
2 0 282 15.9766 12.7083 0 0 0 0 740.481 336.794 161.5 
2 0 283 15.9375 12.5694 0 0 0 0 740.411 336.581 162.5 
2 0 284 16.0938 12.8472 0 0 0 0 740.763 337.136 172 
2 0 285 16.0938 12.9167 0 0 0 0 740.727 337.151 171 
2 0 286 16.0547 12.8472 0 0 0 0 740.523 337.033 158 
2 0 287 16.0547 12.8472 0 0 0 0 740.364 337.112 149 
2 0 288 16.1719 13.125 0 0 0 0 740.543 337.539 161 
2 0 289 16.25 13.3333 0 0 0 0 740.39 337.906 154 
2 0 290 16.3281 13.4722 0 0 0 0 740.31 338.177 170 
2 0 291 16.2109 13.2639 0 0 0 0 740.301 337.805 167.5 
2 0 292 16.25 13.3333 0 0 0 0 740.083 337.906 182.5 
2 0 293 16.4453 13.75 0 0 0 0 740.038 338.751 194.5 
2 0 294 16.6406 14.1667 0 0 0 0 740.068 339.458 191 
2 0 295 16.4062 13.75 0 0 0 0 739.729 338.648 174 
2 0 296 16.5234 14.0278 0 0 0 0 739.718 339.178 170.5 
2 0 297 16.5234 14.0278 0 0 0 0 739.718 339.178 170.5 
2 0 298 16.6016 14.1667 0 0 0 0 739.867 339.497 176.5 
2 0 299 16.7188 14.375 0 0 0 0 739.952 339.802 182.5 
2 0 300 16.6406 14.1667 0 0 0 0 740.279 339.493 181.5 
2 0 301 16.5234 13.9583 0 0 0 0 740.358 339.04 181.5 
2 0 302 16.4844 13.75 0 0 0 0 740.657 338.748 186.5 
2 0 303 16.4844 13.75 0 0 0 0 740.653 338.733 187.5 
2 0 304 16.5625 13.8889 0 0 0 0 740.882 338.996 186 
2 0 305 16.6797 14.0972 0 0 0 0 741.192 339.408 186 
2 0 306 16.875 14.4444 0 0 0 0 741.329 340.048 183 
2 0 307 16.9922 14.7222 0 0 0 0 741.397 340.595 186 
2 0 308 17.1484 15.1389 0 0 0 0 741.297 341.289 203.5 
2 0 309 17.1484 15.1389 0 0 0 0 741.307 341.33 204.5 
2 0 310 17.1094 15 0 0 0 0 741.326 341.123 195 
2 0 311 17.0703 14.9306 0 0 0 0 741.422 340.946 209 
2 0 312 16.9922 14.6528 0 0 0 0 741.64 340.431 203.5 
2 0 313 17.2266 15.2778 0 0 0 0 741.413 341.554 201 
2 0 314 17.2656 15.3472 0 0 0 0 741.312 341.793 192 
2 0 315 17.2656 15.3472 0 0 0 0 741.312 341.793 192 
2 0 316 17.3047 15.3472 0 0 0 0 741.454 341.804 196 
2 0 317 17.3828 15.5556 0 0 0 0 741.705 342.148 185.5 
2 0 318 17.4219 15.625 0 0 0 0 741.683 342.286 203.5 
2 0 319 17.3438 15.4167 0 0 0 0 741.937 341.951 185 
2 0 320 17.3438 15.4167 0 0 0 0 741.812 341.951 195 
2 0 321 17.3828 15.4861 0 0 0 0 741.895 342.025 194.5 
2 0 322 17.2266 15.2083 0 0 0 0 741.919 341.46 166 
2 0 323 17.3828 15.4861 0 0 0 0 742.356 342.007 180.5 
2 0 324 17.7344 16.1111 0 0 0 0 742.88 343.328 204 
2 0 325 17.8125 16.3194 0 0 0 0 743.074 343.622 179.5 
2 0 326 17.8906 16.3889 0 0 0 0 743.39 343.782 186.5 
2 0 327 17.8906 16.3889 0 0 0 0 743.248 343.776 182 
2 0 328 17.8906 16.3889 0 0 0 0 743.105 343.874 172 
2 0 329 17.6953 16.0417 0 0 0 0 742.948 343.168 189 
2 0 330 17.6562 15.8333 0 0 0 0 743.581 342.753 169 
2 0 331 17.6953 15.9028 0 0 0 0 743.643 342.934 171 
2 0 332 17.6562 15.8333 0 0 0 0 743.655 342.698 175 
2 0 333 17.6562 15.8333 0 0 0 0 743.655 342.698 175 
2 0 334 17.7734 16.0417 0 0 0 0 744.032 343.113 177 
2 0 335 17.9297 16.3889 0 0 0 0 744.111 343.799 185 
2 0 336 18.0859 16.5972 0 0 0 0 744.238 344.329 208 
2 0 337 18.125 16.7361 0 0 0 0 744.536 344.493 185.5 
2 0 338 18.0859 16.5972 0 0 0 0 744.562 344.254 192 
2 0 339 18.0859 16.5972 0 0 0 0 744.533 344.333 192 
2 0 340 18.0859 16.5278 0 0 0 0 744.875 344.137 191.5 
2 0 341 18.2422 16.8056 0 0 0 0 745.516 344.779 188.5 
2 0 342 18.2422 16.7361 0 0 0 0 745.557 344.616 172.5 
2 0 343 18.3984 17.0833 0 0 0 0 745.79 345.272 172 
2 0 344 18.7891 17.8472 0 0 0 0 746.499 346.824 210.5 
2 0 345 18.7891 17.8472 0 0 0 0 746.517 346.848 212.5 
2 0 346 18.7891 17.7083 0 0 0 0 747.025 346.652 202 
2 0 347 18.75 17.7083 0 0 0 0 747.018 346.576 190.5 
2 0 348 18.5156 17.1528 0 0 0 0 747.233 345.439 195 
2 0 349 18.3984 16.6667 0 0 0 0 748.14 344.542 201.5 
2 0 350 18.3984 16.6667 0 0 0 0 748.245 344.556 196.5 
2 0 351 18.3984 16.6667 0 0 0 0 748.274 344.514 194.5 
2 0 352 18.5938 17.0833 0 0 0 0 748.194 345.379 197.5 
2 0 353 18.2031 16.3194 0 0 0 0 747.952 343.833 163.5 
2 0 354 18.5938 17.0139 0 0 0 0 748.708 345.247 181.5 
2 0 355 18.5156 16.875 0 0 0 0 748.672 344.94 169.5 
2 0 356 18.7109 17.2222 0 0 0 0 748.98 345.719 172.5 
2 0 357 18.7109 17.2222 0 0 0 0 748.98 345.719 172.5 
2 0 358 18.8672 17.5694 0 0 0 0 749.561 346.339 185 
2 0 359 18.7891 17.2917 0 0 0 0 750.194 345.789 194.5 
2 0 360 18.9062 17.5 0 0 0 0 750.281 346.249 175.5 
2 0 361 18.8281 17.1528 0 0 0 0 751.201 345.647 183 
2 0 362 19.1016 17.7778 0 0 0 0 751.263 346.803 167 
2 0 363 18.7891 17.0139 0 0 0 0 751.614 345.277 177.5 
2 0 364 19.2578 18.0556 0 0 0 0 751.688 347.432 164.5 
2 0 365 19.375 18.2639 0 0 0 0 752.073 347.879 179.5 
2 0 366 19.1797 17.6389 0 0 0 0 752.928 346.649 194.5 
2 0 367 19.4531 18.1944 0 0 0 0 753.459 347.766 161.5 
2 0 368 19.375 17.9167 0 0 0 0 754.411 347.206 176.5 
2 0 369 19.375 17.9167 0 0 0 0 754.411 347.206 176.5 
2 0 370 19.3359 17.6389 0 0 0 0 755.136 346.689 163.5 
2 0 371 19.6875 18.2639 0 0 0 0 756.214 348.081 201 
2 0 372 19.8047 18.3333 0 0 0 0 757.158 348.266 215.5 
2 0 373 19.8438 18.3333 0 0 0 0 758.013 348.224 177 
2 0 374 20.1172 18.75 0 0 0 0 759.26 349.184 172 
2 0 375 20.1172 18.75 0 0 0 0 759.26 349.184 172 
2 0 376 20.1562 18.6806 0 0 0 0 760.266 349.044 188.5 
2 0 377 20.3516 18.8194 0 0 0 0 761.771 349.439 197 
2 0 378 20.7031 19.375 0 0 0 0 763.532 350.592 206.5 
2 0 379 20.9375 19.5833 0 0 0 0 765.371 351.194 250.5 
2 0 380 20.7812 19.0278 0 0 0 0 766.846 350.012 239.5 
2 0 381 20.7031 18.75 0 0 0 0 767.312 349.422 245.5 
2 0 382 20.9375 19.1667 0 0 0 0 768.39 350.286 254 
2 0 383 20.9375 18.8889 0 0 0 0 769.674 349.771 208 
2 0 384 21.25 19.375 0 0 0 0 771.223 350.852 198.5 
2 0 385 21.3281 19.3056 0 0 0 0 772.854 350.704 182.5 
2 0 386 21.4844 19.375 0 0 0 0 774.6 350.951 220.5 
2 0 387 21.5234 19.4444 0 0 0 0 774.562 351.138 218.5 
2 0 388 21.5625 19.3056 0 0 0 0 775.99 350.926 219.5 
2 0 389 21.4844 18.75 0 0 0 0 777.992 349.726 213.5 
2 0 390 21.7188 19.0278 0 0 0 0 780.013 350.31 221.5 
2 0 391 21.8359 18.9583 0 0 0 0 781.986 350.323 207.5 
2 0 392 22.0703 19.1667 0 0 0 0 784.233 350.786 205 
2 0 393 22.0703 19.1667 0 0 0 0 784.233 350.786 205 
2 0 394 22.1094 19.0972 0 0 0 0 785.221 350.627 202 
2 0 395 21.9531 18.2639 0 0 0 0 787.346 349.038 203 
2 0 396 21.9531 17.9167 0 0 0 0 789.532 348.331 212 
2 0 397 22.1484 17.9167 0 0 0 0 792.232 348.426 235 
2 0 398 22.0703 17.4306 0 0 0 0 793.979 347.474 233.5 
2 0 399 22.0703 17.4306 0 0 0 0 793.979 347.474 233.5 
2 0 400 22.1484 17.2222 0 0 0 0 796.013 347.101 249 
2 0 401 22.5781 17.9167 0 0 0 0 798.262 348.555 222.5 
2 0 402 22.8125 18.1944 0 0 0 0 799.931 349.273 212.5 
2 0 403 23.0078 18.4722 0 0 0 0 801.568 349.777 200.5 
2 0 404 23.0859 18.3333 0 0 0 0 803.431 349.53 208.5 
2 0 405 23.2812 18.4722 0 0 0 0 805.32 349.944 227 
2 0 406 23.3203 18.4722 0 0 0 0 805.314 350.005 227 
2 0 407 23.2031 18.0556 0 0 0 0 806.31 349.033 237 
2 0 408 23.0469 17.2222 0 0 0 0 808.644 347.432 166.5 
2 0 409 23.3203 17.5 0 0 0 0 811.025 348.057 228.5 
2 0 410 23.3203 17.1528 0 0 0 0 812.91 347.448 213.5 
2 0 411 23.5547 17.2222 0 0 0 0 815.46 347.662 213 
2 0 412 23.5156 17.1528 0 0 0 0 815.301 347.479 212 
2 0 413 23.5938 17.1528 0 0 0 0 816.749 347.504 232 
2 0 414 23.5156 16.6667 0 0 0 0 817.973 346.537 203.5 
2 0 415 23.4375 16.1111 0 0 0 0 819.865 345.464 212.5 
2 0 416 23.4766 15.9028 0 0 0 0 821.419 345.149 228.5 
2 0 417 23.5938 15.9722 0 0 0 0 822.964 345.271 238.5 
2 0 418 23.5938 15.9722 0 0 0 0 822.964 345.271 238.5 
2 0 419 23.6328 15.9028 0 0 0 0 823.929 345.152 245.5 
2 0 420 23.8281 16.0417 0 0 0 0 825.293 345.558 224 
2 0 421 23.9844 16.25 0 0 0 0 826.289 346.036 207 
2 0 422 24.0625 16.3889 0 0 0 0 827.329 346.21 212 
2 0 423 24.3359 16.8056 0 0 0 0 828.756 347.112 234 
2 0 424 24.2969 16.6667 0 0 0 0 828.931 346.925 233.5 
2 0 425 24.2188 16.3889 0 0 0 0 829.549 346.317 238.5 
2 0 426 24.1016 15.8333 0 0 0 0 830.123 345.275 238.5 
2 0 427 24.0625 15.625 0 0 0 0 830.795 344.9 206.5 
2 0 428 24.2578 15.9028 0 0 0 0 832.192 345.482 227 
2 0 429 24.2578 15.9028 0 0 0 0 832.36 345.407 219 
2 0 430 24.2578 15.9028 0 0 0 0 832.36 345.407 219 
2 0 431 24.3359 15.9722 0 0 0 0 832.969 345.673 206 
2 0 432 24.1406 15.4861 0 0 0 0 832.951 344.59 221.5 
2 0 433 24.1406 15.2778 0 0 0 0 833.402 344.295 201 
1 0 268 18.5156 8.125 0 0 0 0 796.261 330.551 166.5 
1 0 269 18.7891 8.61111 0 0 0 0 797.156 331.261 171 
1 0 270 18.9453 8.95833 0 0 0 0 797.358 331.837 183.5 
1 0 271 18.8281 8.47222 0 0 0 0 798.087 331.13 160 
1 0 272 18.9062 8.40278 0 0 0 0 799.334 331.074 143.5 
1 0 273 18.9062 8.40278 0 0 0 0 799.334 331.074 143.5 
1 0 274 18.6719 7.98611 0 0 0 0 798.92 330.352 141 
1 0 275 19.1797 8.95833 0 0 0 0 800.325 331.918 167 
1 0 276 18.7891 7.91667 0 0 0 0 800.569 330.324 164.5 
1 0 277 19.2969 9.02778 0 0 0 0 801.581 332.111 181 
1 0 278 19.4922 9.375 0 0 0 0 802.313 332.683 184 
1 0 279 19.5312 9.44444 0 0 0 0 802.259 332.842 174.5 
1 0 280 19.4141 9.09722 0 0 0 0 802.724 332.211 150 
1 0 281 19.0625 7.91667 0 0 0 0 803.965 330.371 165.5 
1 0 282 19.0625 7.84722 0 0 0 0 804.209 330.25 172.5 
1 0 283 19.0625 7.63889 0 0 0 0 805.124 329.959 203.5 
1 0 284 19.2578 7.98611 0 0 0 0 805.836 330.525 192.5 
1 0 285 19.2578 7.98611 0 0 0 0 805.843 330.489 192.5 
1 0 286 19.5703 8.75 0 0 0 0 806.423 331.72 188 
1 0 287 19.9219 9.375 0 0 0 0 807.377 332.874 201.5 
1 0 288 19.7656 8.75 0 0 0 0 808.514 331.831 187 
1 0 289 19.9609 9.16667 0 0 0 0 809.369 332.502 175.5 
1 0 290 19.6484 8.125 0 0 0 0 810.416 330.819 151 
1 0 291 19.6484 8.125 0 0 0 0 810.416 330.819 151 
1 0 292 19.5703 7.77778 0 0 0 0 810.885 330.259 167 
1 0 293 20.0391 8.75 0 0 0 0 812.02 331.884 138.5 
1 0 294 20.3906 9.375 0 0 0 0 813.341 332.956 164.5 
1 0 295 19.9609 8.19444 0 0 0 0 813.73 331.016 130 
1 0 296 20.3125 8.81944 0 0 0 0 815.211 332.06 155.5 
1 0 297 20.3125 8.81944 0 0 0 0 815.262 332.095 157.5 
1 0 298 20.4297 8.75 0 0 0 0 817.081 332.04 145 
1 0 299 20.625 9.09722 0 0 0 0 817.735 332.594 154.5 
1 0 300 20.8984 9.58333 0 0 0 0 818.938 333.428 176.5 
1 0 301 20.6641 8.81944 0 0 0 0 819.563 332.189 138 
1 0 302 20.8203 9.09722 0 0 0 0 820.316 332.68 156.5 
1 0 303 20.8203 9.09722 0 0 0 0 820.308 332.699 158.5 
1 0 304 21.0547 9.58333 0 0 0 0 820.897 333.568 160.5 
1 0 305 21.0547 9.30556 0 0 0 0 821.837 333.144 155 
1 0 306 20.7812 8.47222 0 0 0 0 822.531 331.689 147.5 
1 0 307 21.0547 9.02778 0 0 0 0 823.615 332.665 178.5 
1 0 308 21.2891 9.51389 0 0 0 0 824.233 333.469 164.5 
1 0 309 21.2891 9.51389 0 0 0 0 824.233 333.469 164.5 
1 0 310 21.5625 9.93056 0 0 0 0 825.284 334.268 187.5 
1 0 311 21.3672 9.30556 0 0 0 0 826.114 333.218 201 
1 0 312 21.6797 10.0694 0 0 0 0 826.635 334.484 188.5 
1 0 313 21.5625 9.44444 0 0 0 0 827.526 333.522 184 
1 0 314 21.8359 10 0 0 0 0 828.671 334.399 207 
1 0 315 21.8359 10 0 0 0 0 828.671 334.399 207 
1 0 316 21.875 10.0694 0 0 0 0 829.144 334.562 182.5 
1 0 317 21.9922 10.0694 0 0 0 0 830.41 334.6 170 
1 0 318 22.0703 10.1389 0 0 0 0 831.201 334.762 198 
1 0 319 22.2266 10.3472 0 0 0 0 832.36 335.086 189.5 
1 0 320 21.9922 9.51389 0 0 0 0 832.889 333.674 183 
1 0 321 22.1094 9.93056 0 0 0 0 832.856 334.379 176 
1 0 322 21.9141 9.16667 0 0 0 0 833.717 333.202 157.5 
1 0 323 22.0703 9.23611 0 0 0 0 835.332 333.333 153 
1 0 324 22.1484 9.30556 0 0 0 0 835.833 333.438 163.5 
1 0 325 22.2266 9.375 0 0 0 0 836.627 333.6 168 
1 0 326 22.3828 9.51389 0 0 0 0 838.091 333.853 186 
1 0 327 22.3828 9.58333 0 0 0 0 837.777 333.972 185.5 
1 0 328 22.5 9.79167 0 0 0 0 838.405 334.322 206 
1 0 329 22.4609 9.44444 0 0 0 0 839.24 333.73 175.5 
1 0 330 22.5781 9.58333 0 0 0 0 840.26 334.013 180.5 
1 0 331 22.6172 9.375 0 0 0 0 841.717 333.728 161.5 
1 0 332 22.8125 9.72222 0 0 0 0 842.204 334.337 174 
1 0 333 22.8125 9.72222 0 0 0 0 842.323 334.326 173 
1 0 334 22.8516 9.72222 0 0 0 0 843.329 334.301 184.5 
1 0 335 22.8516 9.44444 0 0 0 0 844.096 333.903 186.5 
1 0 336 22.9688 9.65278 0 0 0 0 845.011 334.257 176.5 
1 0 337 23.0469 9.65278 0 0 0 0 845.902 334.345 161.5 
1 0 338 23.2031 9.79167 0 0 0 0 847.115 334.515 186 
1 0 339 23.2812 10.1389 0 0 0 0 846.93 335.128 179 
1 0 340 23.4375 10.4167 0 0 0 0 847.657 335.6 182 
1 0 341 23.5156 10.3472 0 0 0 0 848.915 335.508 179.5 
1 0 342 23.3984 9.79167 0 0 0 0 849.419 334.673 171.5 
1 0 343 23.3203 9.375 0 0 0 0 850.491 333.952 171 
1 0 344 23.4375 9.51389 0 0 0 0 851.352 334.213 173.5 
1 0 345 23.4375 9.51389 0 0 0 0 851.45 334.263 170.5 
1 0 346 23.5156 9.58333 0 0 0 0 852.094 334.328 185.5 
1 0 347 23.2031 8.61111 0 0 0 0 852.618 332.708 132 
1 0 348 23.4766 9.23611 0 0 0 0 853.308 333.758 191 
1 0 349 23.75 9.65278 0 0 0 0 855.115 334.495 143.5 
1 0 350 23.8281 9.65278 0 0 0 0 855.777 334.518 165 
1 0 351 23.75 9.51389 0 0 0 0 855.716 334.292 165 
1 0 352 24.1406 10.3472 0 0 0 0 856.859 335.73 182.5 
1 0 353 23.9453 9.72222 0 0 0 0 857.287 334.694 193 
1 0 354 23.9453 9.375 0 0 0 0 858.506 334.165 167.5 
1 0 355 23.9844 9.30556 0 0 0 0 859.352 334.053 209 
1 0 356 23.8672 8.68056 0 0 0 0 860.607 333.083 209 
1 0 357 23.9453 8.95833 0 0 0 0 860.595 333.495 209 
1 0 358 23.7109 8.05556 0 0 0 0 861.559 331.992 204 
1 0 359 23.9062 8.47222 0 0 0 0 861.959 332.723 226 
1 0 360 24.2578 9.51389 0 0 0 0 862.144 334.491 199 
1 0 361 24.4531 9.72222 0 0 0 0 863.578 334.877 204.5 
1 0 362 24.0234 8.19444 0 0 0 0 864.657 332.281 216 
1 0 363 24.1016 8.47222 0 0 0 0 864.59 332.781 208.5 
1 0 364 24.0625 8.125 0 0 0 0 865.137 332.257 223.5 
1 0 365 24.1797 8.47222 0 0 0 0 865.629 332.826 218 
1 0 366 24.3359 8.75 0 0 0 0 866.399 333.303 207.5 
1 0 367 24.1406 7.84722 0 0 0 0 867.453 331.853 206 
1 0 368 24.4141 8.61111 0 0 0 0 868.085 333.073 211.5 
1 0 369 24.4531 8.68056 0 0 0 0 867.955 333.28 206 
1 0 370 24.4141 8.40278 0 0 0 0 868.973 332.781 202 
1 0 371 24.4922 8.40278 0 0 0 0 869.673 332.84 193 
1 0 372 24.375 7.91667 0 0 0 0 870.393 332.025 201.5 
1 0 373 24.8828 9.16667 0 0 0 0 871.443 334.094 188.5 
1 0 374 25.0781 9.51389 0 0 0 0 872.481 334.73 186.5 
1 0 375 25.0781 9.51389 0 0 0 0 872.481 334.73 186.5 
1 0 376 25.0781 9.375 0 0 0 0 873.239 334.481 174.5 
1 0 377 25.3125 9.79167 0 0 0 0 874.687 335.247 176 
1 0 378 25.1953 9.23611 0 0 0 0 875.174 334.366 197.5 
1 0 379 25.1562 9.02778 0 0 0 0 875.846 333.993 161 
1 0 380 25.3906 9.51389 0 0 0 0 876.796 334.859 188 
1 0 381 25.3906 9.44444 0 0 0 0 876.71 334.785 183.5 
1 0 382 25.2734 9.02778 0 0 0 0 877.224 334.017 178 
1 0 383 25.1953 8.61111 0 0 0 0 877.656 333.388 183.5 
1 0 384 25.4297 8.95833 0 0 0 0 879.094 334.032 193 
1 0 385 25.5078 9.23611 0 0 0 0 879.687 334.407 189.5 
1 0 386 25.5469 9.16667 0 0 0 0 880.017 334.324 182.5 
1 0 387 25.5078 9.09722 0 0 0 0 880.106 334.259 199 
1 0 388 25.5078 8.95833 0 0 0 0 880.339 334.036 191.5 
1 0 389 25.625 9.16667 0 0 0 0 881.088 334.328 202.5 
1 0 390 25.6641 9.30556 0 0 0 0 881.371 334.586 220.5 
1 0 391 25.6641 9.16667 0 0 0 0 881.76 334.438 220.5 
1 0 392 25.6641 9.16667 0 0 0 0 881.762 334.385 204.5 
1 0 393 25.625 9.09722 0 0 0 0 881.548 334.261 209 
1 0 394 25.6641 9.09722 0 0 0 0 881.741 334.27 209 
1 0 395 25.7812 9.44444 0 0 0 0 882.073 334.827 205 
1 0 396 25.8984 9.72222 0 0 0 0 882.461 335.42 208 
1 0 397 25.9375 9.93056 0 0 0 0 882.361 335.681 184 
1 0 398 25.9766 9.93056 0 0 0 0 882.64 335.689 195 
1 0 399 25.9375 9.86111 0 0 0 0 882.562 335.556 193 
1 0 400 26.1328 10.4167 0 0 0 0 882.692 336.617 187.5 
1 0 401 26.2109 10.625 0 0 0 0 882.591 336.992 177 
1 0 402 26.1719 10.6944 0 0 0 0 882.154 337.026 186 
1 0 403 26.1328 10.7639 0 0 0 0 881.506 337.112 180 
1 0 404 26.1328 10.9028 0 0 0 0 880.891 337.375 187 
1 0 405 26.0938 10.9722 0 0 0 0 879.818 337.53 188 
1 0 406 26.0938 10.9722 0 0 0 0 879.859 337.537 188 
1 0 407 26.1719 11.3194 0 0 0 0 879.611 338.108 185.5 
1 0 408 26.0938 11.1806 0 0 0 0 878.682 337.869 201.5 
1 0 409 26.0547 11.3889 0 0 0 0 877.646 338.111 195.5 
1 0 410 26.0547 11.5278 0 0 0 0 876.788 338.349 197 
1 0 411 26.0547 11.7361 0 0 0 0 876.12 338.785 193 
1 0 412 26.0547 11.7361 0 0 0 0 876.088 338.724 191.5 
1 0 413 25.7812 11.1111 0 0 0 0 874.972 337.562 185.5 
1 0 414 25.5469 10.7639 0 0 0 0 873.584 336.945 211 
1 0 415 25.7812 11.6667 0 0 0 0 872.557 338.484 206 
1 0 416 25.625 11.5972 0 0 0 0 870.801 338.405 206.5 
1 0 417 25.4688 11.3889 0 0 0 0 869.707 337.968 205 
1 0 418 25.5859 11.7361 0 0 0 0 869.634 338.533 195.5 
1 0 419 25.4297 11.6667 0 0 0 0 867.962 338.392 190 
1 0 420 25.7031 12.7083 0 0 0 0 867.221 340.304 183.5 
1 0 421 25.3906 12.0139 0 0 0 0 865.904 338.96 171.5 
1 0 422 25.3906 12.4306 0 0 0 0 863.987 339.744 181.5 
1 0 423 25.3125 12.6389 0 0 0 0 861.902 340.053 193.5 
1 0 424 25.2734 12.5694 0 0 0 0 861.986 339.853 200.5 
1 0 425 25.3906 13.1944 0 0 0 0 860.73 341.056 175.5 
1 0 426 25.1172 12.8472 0 0 0 0 858.589 340.337 175.5 
1 0 427 25 12.8472 0 0 0 0 857.174 340.253 207 
1 0 428 24.8438 12.6389 0 0 0 0 855.763 339.843 207.5 
1 0 429 24.5312 12.2222 0 0 0 0 853.845 339.012 216.5 
1 0 430 24.5312 12.2222 0 0 0 0 853.845 339.012 216.5 
1 0 431 24.4141 12.1528 0 0 0 0 852.251 338.891 209 
1 0 432 24.4141 12.7778 0 0 0 0 849.696 339.869 221 
1 0 433 24.5703 13.6111 0 0 0 0 847.767 341.485 191 
1 0 434 24.1797 14.375 0 0 0 0 838.876 342.681 394 
1 0 435 24.1016 14.375 0 0 0 0 837.577 342.541 381 
1 0 436 24.1016 14.375 0 0 0 0 837.642 342.556 385.5 
1 0 437 24.0625 14.4444 0 0 0 0 836.911 342.728 378 
1 0 438 24.0625 14.5139 0 0 0 0 836.228 342.891 389.5 
1 0 439 24.0625 14.5833 0 0 0 0 835.832 342.966 352.5 
1 0 440 23.9844 14.5139 0 0 0 0 835.541 342.842 325.5 
1 0 441 23.8281 14.1667 0 0 0 0 835.27 342.101 348 
1 0 442 23.75 13.9583 0 0 0 0 835.036 341.791 338 
1 0 443 23.9062 14.4444 0 0 0 0 834.539 342.648 333.5 
1 0 444 23.9453 14.6528 0 0 0 0 833.908 343.086 379.5 
1 0 445 23.8672 14.7222 0 0 0 0 832.792 343.115 408 
1 0 446 23.9844 15.2083 0 0 0 0 831.754 344.058 435 
1 0 447 23.8281 14.9306 0 0 0 0 831.358 343.532 448 
1 0 448 23.8281 14.9306 0 0 0 0 831.26 343.462 440.5 
1 0 449 23.8672 15.2083 0 0 0 0 830.415 344.03 455.5 
1 0 450 24.1406 15.2083 0 0 0 0 834.001 344.146 404 
1 0 450 23.0078 14.7917 0 0 0 0 820.874 342.955 154 
1 0 451 24.2969 15.5556 0 0 0 0 834.626 344.754 233.5 
1 0 451 23.0078 15.1389 0 0 0 0 819.239 343.507 162 
1 0 452 24.3359 15.6944 0 0 0 0 834.125 345.084 221 
1 0 452 23.0859 15.6944 0 0 0 0 817.141 344.656 184 
1 0 453 24.2578 15.6944 0 0 0 0 833.364 345.076 224 
1 0 453 22.9688 15.9028 0 0 0 0 814.499 344.874 220 
1 0 454 24.2578 15.6944 0 0 0 0 833.39 345.102 220 
1 0 454 22.9688 15.9028 0 0 0 0 814.488 344.876 221.5 
1 0 455 24.1797 15.6944 0 0 0 0 831.942 345.057 199.5 
1 0 455 22.6953 15.7639 0 0 0 0 811.767 344.569 212.5 
1 0 456 24.0234 15.625 0 0 0 0 830.586 344.806 208 
1 0 456 22.4219 15.4861 0 0 0 0 809.189 344.01 187.5 
1 0 457 23.9062 15.5556 0 0 0 0 829.21 344.66 224.5 
1 0 457 22.0312 14.9306 0 0 0 0 806.788 342.739 188 
1 0 458 23.8672 15.7639 0 0 0 0 827.745 345.061 246.5 
1 0 458 21.875 15 0 0 0 0 804.426 342.837 216.5 
1 0 459 23.75 15.625 0 0 0 0 826.58 344.785 233 
1 0 460 23.75 15.625 0 0 0 0 826.58 344.785 233 
1 0 461 23.9062 16.3194 0 0 0 0 825.101 346.077 223.5 
1 0 462 23.9453 16.6667 0 0 0 0 824.021 346.702 206 
1 0 463 23.7891 16.5278 0 0 0 0 822.52 346.47 171 
1 0 464 23.6719 16.5278 0 0 0 0 821.169 346.367 155.5 
1 0 465 23.4375 16.25 0 0 0 0 819.377 345.755 154.5 
1 0 466 23.4375 16.25 0 0 0 0 819.377 345.755 154.5 
1 0 467 23.4375 16.4583 0 0 0 0 817.84 346.191 175 
1 0 468 23.4375 16.7361 0 0 0 0 816.547 346.601 212.5 
1 0 469 23.2422 16.5972 0 0 0 0 814.591 346.366 197.5 
1 0 470 23.0859 16.5972 0 0 0 0 812.222 346.299 178.5 
13 1 268 65.2344 46.6667 0 0 0 0 550.357 529.464 627 
13 1 269 65.3516 46.6667 0 0 0 0 553.83 529.101 618 
13 1 270 65.5078 46.6667 0 0 0 0 557.434 528.787 547 
13 1 271 65.7031 46.5278 0 0 0 0 561.123 527.826 502.5 
13 1 272 65.8984 46.3889 0 0 0 0 564.301 526.782 485.5 
13 1 273 65.8984 46.4583 0 0 0 0 564.306 526.939 488 
13 1 274 65.9375 46.6667 0 0 0 0 567.197 527.854 563 
13 1 275 66.0547 46.5972 0 0 0 0 569.833 527.576 593 
13 1 276 66.0938 46.8056 0 0 0 0 573.64 528.558 638.5 
13 1 277 66.3281 46.5972 0 0 0 0 576.151 526.864 614 
13 1 278 66.4844 46.5278 0 0 0 0 579.637 526.163 592 
13 1 279 66.4844 46.5278 0 0 0 0 579.673 526.313 595 
13 1 280 66.6406 46.4583 0 0 0 0 582.302 525.315 539 
13 1 281 66.9141 46.1111 0 0 0 0 584.954 523.141 528 
13 1 282 67.1094 45.8333 0 0 0 0 587.066 521.255 503.5 
13 1 283 67.1484 46.0417 0 0 0 0 589.393 522.259 527.5 
13 1 284 67.2266 46.0417 0 0 0 0 591.786 522.012 558 
13 1 285 67.2266 46.0417 0 0 0 0 591.793 521.921 561 
13 1 286 67.3438 46.0417 0 0 0 0 594.33 521.819 550.5 
13 1 287 67.5 45.9722 0 0 0 0 596.794 521.146 532.5 
13 1 288 67.5781 45.9722 0 0 0 0 599.084 521.01 495.5 
13 1 289 67.6953 45.9028 0 0 0 0 601.38 520.52 480 
13 1 290 67.7344 46.0417 0 0 0 0 603.274 521.096 496.5 
13 1 291 67.7344 46.0417 0 0 0 0 603.274 521.096 496.5 
13 1 292 67.8125 46.0417 0 0 0 0 605.44 520.937 536.5 
13 1 293 68.0078 45.7639 0 0 0 0 606.681 518.964 536.5 
13 1 294 68.125 45.6944 0 0 0 0 608.885 518.446 523.5 
13 1 295 68.2031 45.7639 0 0 0 0 610.847 518.745 518 
13 1 296 68.2812 45.6944 0 0 0 0 612.493 518.393 512.5 
13 1 297 68.2812 45.6944 0 0 0 0 612.494 518.365 512.5 
13 1 298 68.4766 45.4861 0 0 0 0 613.704 516.762 514 
13 1 299 68.6328 45.2083 0 0 0 0 615.262 515.242 467 
13 1 300 68.75 45.0694 0 0 0 0 616.274 514.475 487 
13 1 301 68.9062 44.8611 0 0 0 0 617.513 513.195 474.5 
13 1 302 68.9453 44.9306 0 0 0 0 618.895 513.428 482.5 
13 1 303 68.9062 45 0 0 0 0 618.932 513.72 486.5 
13 1 304 69.0234 44.9306 0 0 0 0 620.144 513.138 490.5 
13 1 305 69.0234 45 0 0 0 0 621.586 513.657 497.5 
13 1 306 69.1406 44.9306 0 0 0 0 623.045 513.139 465 
13 1 307 69.2188 44.8611 0 0 0 0 624.285 512.599 481.5 
13 1 308 69.375 44.6528 0 0 0 0 625.23 511.402 508.5 
13 1 309 69.375 44.6528 0 0 0 0 625.313 511.171 516 
13 1 310 69.4531 44.5833 0 0 0 0 626.331 510.842 496 
13 1 311 69.4922 44.5833 0 0 0 0 627.598 510.774 503.5 
13 1 312 69.6094 44.5139 0 0 0 0 628.762 510.01 500 
13 1 313 69.6484 44.5139 0 0 0 0 630.005 510.177 483.5 
13 1 314 69.8047 44.375 0 0 0 0 630.976 509.125 478.5 
13 1 315 69.8047 44.375 0 0 0 0 630.976 509.125 478.5 
13 1 316 70 44.0278 0 0 0 0 631.442 507.114 453.5 
13 1 317 70.1172 43.8194 0 0 0 0 632.611 506.208 447.5 
13 1 318 70.2344 43.6806 0 0 0 0 633.212 505.279 427.5 
13 1 319 70.2344 43.75 0 0 0 0 634.061 505.773 455 
13 1 320 70.3125 43.6806 0 0 0 0 634.91 505.176 459 
13 1 321 70.3125 43.75 0 0 0 0 634.925 505.351 458.5 
13 1 322 70.3906 43.6111 0 0 0 0 635.745 504.673 443.5 
13 1 323 70.3906 43.6806 0 0 0 0 636.508 505.082 459.5 
13 1 324 70.5078 43.5417 0 0 0 0 636.86 504.105 450 
13 1 325 70.5859 43.4028 0 0 0 0 637.721 503.595 446 
13 1 326 70.7031 43.2639 0 0 0 0 638.311 502.627 474 
13 1 327 70.6641 43.3333 0 0 0 0 638.372 502.904 476 
13 1 328 70.7812 43.1944 0 0 0 0 638.92 502.13 473.5 
13 1 329 70.8203 43.125 0 0 0 0 639.597 501.861 449 
13 1 330 70.8594 43.0556 0 0 0 0 640.286 501.646 460 
13 1 331 70.9375 42.9861 0 0 0 0 640.594 501.072 449.5 
13 1 332 71.0938 42.7083 0 0 0 0 640.933 499.643 439.5 
13 1 333 71.1328 42.7083 0 0 0 0 640.966 499.513 441.5 
13 1 334 71.1719 42.5694 0 0 0 0 641.23 498.99 433 
13 1 335 71.3672 42.2222 0 0 0 0 641.375 497.225 435.5 
13 1 336 71.3672 42.2222 0 0 0 0 641.539 497.259 442 
13 1 337 71.4062 42.2222 0 0 0 0 641.762 497.257 431.5 
13 1 338 71.3672 42.2222 0 0 0 0 641.75 497.35 425 
13 1 339 71.3672 42.2917 0 0 0 0 641.8 497.409 423 
13 1 340 71.4062 42.2222 0 0 0 0 642.244 497.219 408 
13 1 341 71.5234 42.0139 0 0 0 0 642.268 496.039 410 
13 1 342 71.6406 41.8056 0 0 0 0 642.762 495.22 423.5 
13 1 343 71.7578 41.6667 0 0 0 0 642.95 494.464 414.5 
13 1 344 71.875 41.3889 0 0 0 0 643.076 493.244 409 
13 1 345 71.875 41.4583 0 0 0 0 643.135 493.314 413 
13 1 346 71.875 41.4583 0 0 0 0 643.418 493.264 433.5 
13 1 347 71.7578 41.7361 0 0 0 0 643.774 494.717 420 
13 1 348 71.7969 41.6667 0 0 0 0 643.969 494.299 421.5 
13 1 349 71.9922 41.3194 0 0 0 0 644.062 492.694 387 
13 1 350 72.1484 41.0417 0 0 0 0 644.309 491.379 394.5 
13 1 351 72.1094 41.1111 0 0 0 0 644.319 491.723 393.5 
13 1 352 72.2656 40.7639 0 0 0 0 644.448 490.208 376.5 
13 1 353 72.2266 40.9028 0 0 0 0 644.86 490.662 385.5 
13 1 354 72.2656 40.8333 0 0 0 0 644.979 490.343 388.5 
13 1 355 72.3047 40.8333 0 0 0 0 645.445 490.342 379 
13 1 356 72.3438 40.7639 0 0 0 0 645.477 489.971 380 
13 1 357 72.3438 40.7639 0 0 0 0 645.477 489.971 380 
13 1 358 72.3828 40.6944 0 0 0 0 645.497 489.603 391.5 
13 1 359 72.4609 40.5556 0 0 0 0 645.658 489.02 395 
13 1 360 72.6172 40.2778 0 0 0 0 645.562 487.818 390.5 
13 1 361 72.7344 40.0694 0 0 0 0 646.03 486.776 364.5 
13 1 362 72.7344 40.1389 0 0 0 0 646.529 486.994 389.5 
13 1 363 72.7344 40.0694 0 0 0 0 646.541 486.909 390.5 
13 1 364 72.6562 40.2778 0 0 0 0 646.635 487.567 380 
13 1 365 72.7734 40.0694 0 0 0 0 646.788 486.734 379.5 
13 1 366 72.8516 39.9306 0 0 0 0 646.967 486.31 386 
13 1 367 72.9688 39.7222 0 0 0 0 646.984 485.103 369 
13 1 368 73.125 39.4444 0 0 0 0 646.878 484.031 370.5 
13 1 369 73.125 39.4444 0 0 0 0 646.959 484.032 376.5 
13 1 370 73.1641 39.3056 0 0 0 0 646.886 483.467 366.5 
13 1 371 73.2422 39.1667 0 0 0 0 646.977 482.866 368.5 
13 1 372 73.2422 39.1667 0 0 0 0 646.704 482.941 380 
13 1 373 73.2422 39.1667 0 0 0 0 646.996 482.989 366 
13 1 374 73.3594 38.9583 0 0 0 0 646.863 481.948 368 
13 1 375 73.3594 38.9583 0 0 0 0 646.844 482.039 372 
13 1 376 73.5547 38.6111 0 0 0 0 647.111 480.593 373.5 
13 1 377 73.6328 38.4722 0 0 0 0 646.969 479.902 368.5 
13 1 378 73.75 38.2639 0 0 0 0 647.162 479.022 358 
13 1 379 73.7109 38.3333 0 0 0 0 647.192 479.364 360.5 
13 1 380 73.8672 38.0556 0 0 0 0 647.417 478.172 341.5 
13 1 381 73.8672 37.9861 0 0 0 0 647.313 478.062 346.5 
13 1 382 73.8672 38.0556 0 0 0 0 647.483 478.178 356.5 
13 1 383 73.9453 37.9167 0 0 0 0 647.294 477.64 360 
13 1 384 74.0234 37.7778 0 0 0 0 647.401 476.984 352 
13 1 385 74.2188 37.3611 0 0 0 0 647.373 475.537 341.5 
13 1 386 74.2188 37.3611 0 0 0 0 647.368 475.505 347 
13 1 387 74.2578 37.3611 0 0 0 0 647.42 475.415 350 
13 1 388 74.2578 37.3611 0 0 0 0 647.378 475.389 351 
13 1 389 74.2578 37.3611 0 0 0 0 647.567 475.473 339.5 
12 1 268 57.5 37.5694 0 0 0 0 306.069 500.477 396.5 
12 1 269 57.6172 37.5694 0 0 0 0 308.815 500.037 373 
12 1 270 57.8125 37.3611 0 0 0 0 311.845 498.914 405.5 
12 1 271 57.9688 37.0139 0 0 0 0 314.661 497.191 458 
12 1 272 58.125 36.9444 0 0 0 0 317.495 496.833 457.5 
12 1 273 58.125 36.9444 0 0 0 0 317.477 496.813 456.5 
12 1 274 58.2812 36.875 0 0 0 0 321.064 496.136 393.5 
12 1 275 58.3984 37.0139 0 0 0 0 324.316 496.72 381.5 
12 1 276 58.4766 37.3611 0 0 0 0 327.686 497.875 375 
12 1 277 58.6328 37.3611 0 0 0 0 330.359 497.583 367 
12 1 278 58.7109 37.4306 0 0 0 0 333.258 497.787 394.5 
12 1 279 58.7109 37.4306 0 0 0 0 333.287 497.781 398 
12 1 280 58.9062 37.1528 0 0 0 0 336.079 496.256 435 
12 1 281 59.1016 36.7361 0 0 0 0 338.593 494.358 447 
12 1 282 59.2969 36.6667 0 0 0 0 342.233 493.855 401 
12 1 283 59.375 36.9444 0 0 0 0 345.382 494.777 375.5 
12 1 284 59.4922 36.9444 0 0 0 0 348.293 494.782 372 
12 1 285 59.4922 37.0139 0 0 0 0 348.308 494.811 372 
12 1 286 59.6484 36.875 0 0 0 0 350.969 494.127 363.5 
12 1 287 59.8047 36.5972 0 0 0 0 353.663 492.896 369 
12 1 288 59.9219 36.5278 0 0 0 0 356.332 492.473 416 
12 1 289 60.1562 36.1806 0 0 0 0 359.459 490.73 430 
12 1 290 60.2344 36.3194 0 0 0 0 362.01 491.095 449 
12 1 291 60.2344 36.3194 0 0 0 0 361.968 491.127 453 
12 1 292 60.3516 36.4583 0 0 0 0 365.176 491.409 411 
12 1 293 60.4688 36.5278 0 0 0 0 368.104 491.625 372 
12 1 294 60.5859 36.5278 0 0 0 0 370.674 491.486 357 
12 1 295 60.7422 36.5972 0 0 0 0 373.842 491.45 370 
12 1 296 60.8203 36.7361 0 0 0 0 376.473 491.737 409.5 
12 1 297 60.8203 36.7361 0 0 0 0 376.473 491.737 409.5 
12 1 298 60.9766 36.6667 0 0 0 0 379.062 491.219 433 
12 1 299 61.25 36.1111 0 0 0 0 382.041 488.724 365 
12 1 300 61.3672 36.3194 0 0 0 0 385.924 489.451 404 
12 1 301 61.4453 36.5278 0 0 0 0 388.989 490.07 372 
12 1 302 61.5625 36.5278 0 0 0 0 391.393 490.027 343.5 
12 1 303 61.5625 36.5278 0 0 0 0 391.257 489.892 340 
12 1 304 61.7578 36.25 0 0 0 0 393.93 488.488 348 
12 1 305 61.9141 36.1111 0 0 0 0 396.965 487.902 369.5 
12 1 306 62.1094 35.8333 0 0 0 0 399.271 486.648 396.5 
12 1 307 62.2656 35.7639 0 0 0 0 402.15 486.009 398.5 
12 1 308 62.3828 35.7639 0 0 0 0 404.682 486.041 402.5 
12 1 309 62.3828 35.8333 0 0 0 0 404.635 486.049 399.5 
12 1 310 62.5391 35.9028 0 0 0 0 407.868 486.122 333 
12 1 311 62.5391 36.3194 0 0 0 0 410.589 487.793 332 
12 1 312 62.6953 36.25 0 0 0 0 413.412 487.378 325 
12 1 313 62.7734 36.3889 0 0 0 0 416.109 487.544 368 
12 1 314 62.9688 36.1806 0 0 0 0 418.868 486.661 378 
12 1 315 62.9297 36.25 0 0 0 0 418.822 486.902 381 
12 1 316 63.2422 35.6944 0 0 0 0 421.5 484.526 410 
12 1 317 63.3594 35.6944 0 0 0 0 424.083 484.241 392 
12 1 318 63.3984 36.1111 0 0 0 0 427.223 485.697 349 
12 1 319 63.5547 36.1111 0 0 0 0 430.609 485.395 316 
12 1 320 63.6719 36.1111 0 0 0 0 432.999 485.293 321 
12 1 321 63.6719 36.0417 0 0 0 0 432.989 485.185 321 
12 1 322 63.9062 35.7639 0 0 0 0 435.685 483.922 353.5 
12 1 323 64.0234 35.7639 0 0 0 0 438.476 483.644 386 
12 1 324 64.1406 35.8333 0 0 0 0 440.734 483.61 408.5 
12 1 325 64.375 35.5556 0 0 0 0 443.668 482.309 429.5 
12 1 326 64.4922 35.625 0 0 0 0 446.91 482.529 366.5 
12 1 327 64.4922 35.625 0 0 0 0 447.01 482.508 369.5 
12 1 328 64.5703 35.7639 0 0 0 0 449.265 482.966 342 
12 1 329 64.6875 35.9028 0 0 0 0 452.593 483.214 324.5 
12 1 330 64.8047 35.9028 0 0 0 0 454.996 483.07 329 
12 1 331 64.9219 35.9722 0 0 0 0 457.527 483.142 364.5 
12 1 332 65.3125 35.1389 0 0 0 0 460.227 479.812 324 
12 1 333 65.3125 35.1389 0 0 0 0 460.329 479.637 316.5 
12 1 334 65.4688 35.1389 0 0 0 0 462.878 479.463 340 
12 1 335 65.5078 35.4167 0 0 0 0 465.83 480.286 332 
12 1 336 65.5859 35.625 0 0 0 0 468.584 480.955 303.5 
12 1 337 65.6641 35.6944 0 0 0 0 471.008 481.231 293 
12 1 338 65.8203 35.7639 0 0 0 0 474.349 481.228 285 
12 1 339 65.8203 35.7639 0 0 0 0 474.349 481.228 285 
12 1 340 65.9375 35.7639 0 0 0 0 476.999 481.021 336.5 
12 1 341 66.1328 35.6944 0 0 0 0 479.749 480.551 355.5 
12 1 342 66.3281 35.4861 0 0 0 0 482.398 479.682 361.5 
12 1 343 66.4062 35.625 0 0 0 0 485.26 480.016 358 
12 1 344 66.6406 35.4861 0 0 0 0 488.51 479.217 306.5 
12 1 345 66.6797 35.4167 0 0 0 0 488.599 478.755 295 
12 1 346 66.7188 35.625 0 0 0 0 491.062 479.448 286 
12 1 347 66.875 35.6944 0 0 0 0 494.548 479.656 299.5 
12 1 348 66.875 36.0417 0 0 0 0 497.072 480.627 345 
12 1 349 67.1484 35.625 0 0 0 0 499.662 478.925 383 
12 1 350 67.5 35.2083 0 0 0 0 503.336 477.133 357 
12 1 351 67.5 35.2083 0 0 0 0 503.445 477.11 352.5 
12 1 352 67.5391 35.5556 0 0 0 0 506.354 478.081 347.5 
12 1 353 67.6562 35.625 0 0 0 0 509.556 478.187 305 
12 1 354 67.6562 36.0417 0 0 0 0 512.286 479.748 271.5 
12 1 355 67.9297 35.6944 0 0 0 0 515.359 478.098 258.5 
12 1 356 68.0469 35.8333 0 0 0 0 518.504 478.545 325.5 
12 1 357 68.0469 35.8333 0 0 0 0 518.504 478.545 325.5 
12 1 358 68.3203 35.4861 0 0 0 0 521.587 476.983 360.5 
12 1 359 68.5156 35.4861 0 0 0 0 524.837 476.582 389.5 
12 1 360 68.6719 35.5556 0 0 0 0 528.503 476.677 353 
12 1 361 68.7109 36.0417 0 0 0 0 532.576 478.322 324 
12 1 362 68.9844 35.6944 0 0 0 0 535.238 476.899 304.5 
12 1 363 68.9844 35.6944 0 0 0 0 535.373 476.717 317.5 
12 1 364 69.0234 36.0417 0 0 0 0 538.67 477.819 289.5 
12 1 365 69.1016 36.1806 0 0 0 0 541.811 478.291 353 
12 1 366 69.4922 35.7639 0 0 0 0 545.293 476.3 361.5 
12 1 367 69.6484 35.7639 0 0 0 0 548.722 476.164 405.5 
12 1 368 69.8047 35.8333 0 0 0 0 552.109 476.244 358 
12 1 369 69.8047 35.8333 0 0 0 0 552.109 476.244 358 
12 1 370 69.7656 36.25 0 0 0 0 554.909 477.675 316 
12 1 371 70 36.25 0 0 0 0 558.847 477.169 308.5 
12 1 372 70.1953 36.1806 0 0 0 0 561.945 476.809 269 
12 1 373 70.4297 35.9722 0 0 0 0 564.899 475.825 300.5 
12 1 374 70.5078 36.25 0 0 0 0 568.122 476.601 363 
12 1 375 70.4688 36.25 0 0 0 0 567.996 476.749 363 
12 1 376 70.7812 35.9028 0 0 0 0 570.92 475.23 374 
12 1 377 70.8984 36.0417 0 0 0 0 574.506 475.469 395.5 
12 1 378 71.0938 36.1111 0 0 0 0 578.279 475.4 338.5 
12 1 379 71.3281 36.0417 0 0 0 0 582.096 474.771 297 
12 1 380 71.6016 35.8333 0 0 0 0 585.529 473.958 291.5 
12 1 381 71.6016 35.8333 0 0 0 0 585.586 473.813 293.5 
12 1 382 71.4844 36.4583 0 0 0 0 588.55 475.966 331.5 
12 1 383 71.6406 36.3889 0 0 0 0 591.434 475.692 352.5 
12 1 384 72.1094 35.6944 0 0 0 0 594.222 472.88 379.5 
12 1 385 72.4219 35.5556 0 0 0 0 597.844 471.936 340 
12 1 386 72.3828 36.0417 0 0 0 0 601.347 473.582 352 
12 1 387 72.3828 35.9722 0 0 0 0 601.288 473.352 348 
12 1 388 72.3438 36.5278 0 0 0 0 604.7 475.128 323.5 
12 1 389 72.5781 36.3194 0 0 0 0 607.556 474.32 314.5 
12 1 390 74.3359 37.2222 0 0 0 0 648.032 474.801 342.5 
12 1 390 72.7734 36.1806 0 0 0 0 609.816 473.478 300 
12 1 391 73.1641 35.5556 0 0 0 0 611.894 471.15 293 
12 1 391 74.6484 36.6667 0 0 0 0 648.312 472.619 340.5 
12 1 392 74.8438 36.3194 0 0 0 0 648.563 471.483 347.5 
12 1 392 73.3594 35.4861 0 0 0 0 614.174 470.618 315.5 
12 1 393 74.8438 36.3194 0 0 0 0 648.708 471.389 353.5 
12 1 393 73.3594 35.4861 0 0 0 0 614.174 470.618 315.5 
12 1 394 74.9219 36.1806 0 0 0 0 649.014 470.93 350.5 
12 1 394 73.5156 35.3472 0 0 0 0 616.444 470.042 338 
12 1 395 75.0781 35.9722 0 0 0 0 649.655 470.074 354.5 
12 1 395 73.5156 35.625 0 0 0 0 618.592 470.854 336.5 
12 1 396 75.0781 36.0417 0 0 0 0 650.144 470.299 350 
12 1 396 73.5938 35.6944 0 0 0 0 620.828 470.999 312.5 
12 1 397 73.6328 35.9722 0 0 0 0 623.453 471.833 280.5 
12 1 397 75.0391 36.1806 0 0 0 0 650.441 470.748 335 
12 1 398 73.7891 35.9028 0 0 0 0 625.572 471.382 268.5 
12 1 398 75.1562 35.9722 0 0 0 0 650.944 469.937 334.5 
12 1 399 73.75 35.9028 0 0 0 0 625.572 471.479 268.5 
12 1 399 75.1562 35.9722 0 0 0 0 650.833 469.905 334 
12 1 400 73.9062 35.8333 0 0 0 0 627.316 471.015 263.5 
12 1 400 75.5469 35.3472 0 0 0 0 651.765 467.691 299 
12 1 401 73.9453 35.9722 0 0 0 0 629.457 471.393 302 
12 1 401 75.6641 35.2083 0 0 0 0 652.305 466.956 306.5 
12 1 402 74.1016 35.9028 0 0 0 0 631.213 471.014 303.5 
12 1 402 75.6641 35.2778 0 0 0 0 652.77 467.184 314 
12 1 403 75.6641 35.3472 0 0 0 0 653.552 467.399 307.5 
12 1 403 74.5703 35.2778 0 0 0 0 633.596 468.494 317 
12 1 404 75.7031 35.2778 0 0 0 0 654.254 467.252 311.5 
12 1 404 74.4531 35.625 0 0 0 0 635.146 469.609 294 
12 1 405 74.5703 35.6944 0 0 0 0 637.624 469.721 288 
12 1 405 75.8594 35.0694 0 0 0 0 654.671 466.471 323.5 
12 1 406 74.6875 35.4167 0 0 0 0 637.724 468.829 294 
12 1 406 75.8594 35.0694 0 0 0 0 654.635 466.467 324.5 
12 1 407 75.3516 35.1389 0 0 0 0 646.004 467.186 583.5 
12 1 407 76.1328 34.5833 0 0 0 0 654.977 464.779 260.5 
12 1 407 75.1172 34.9306 0 0 0 0 640.536 466.749 161 
12 1 408 75.625 35 0 0 0 0 649.573 466.398 594 
12 1 409 75.5859 35.1389 0 0 0 0 650.456 466.846 632 
12 1 410 75.625 35.1389 0 0 0 0 651.185 466.931 617 
12 1 411 75.5859 35.3472 0 0 0 0 652.815 467.624 568 
12 1 412 75.5859 35.4167 0 0 0 0 652.762 467.727 569 
12 1 413 75.7031 35.3472 0 0 0 0 654.421 467.504 464 
12 1 414 75.9766 35 0 0 0 0 656.095 466.051 408.5 
12 1 415 76.1719 34.7917 0 0 0 0 656.908 465.169 381.5 
12 1 416 76.2109 34.8611 0 0 0 0 658.402 465.358 447 
12 1 417 76.4062 34.5833 0 0 0 0 659.849 464.39 522 
12 1 418 76.3672 34.6528 0 0 0 0 659.83 464.616 523 
12 1 419 76.4453 34.7222 0 0 0 0 661.207 464.641 609.5 
12 1 420 76.4844 34.7222 0 0 0 0 662.28 464.777 637.5 
12 1 421 76.5625 34.8611 0 0 0 0 664.234 464.953 673 
12 1 422 76.4453 36.0417 0 0 0 0 674.5 468.665 277 
12 1 422 77.1484 32.9861 0 0 0 0 657.519 459.058 305.5 
12 1 423 76.6797 35.9028 0 0 0 0 676.697 467.972 248.5 
12 1 424 76.6797 35.9028 0 0 0 0 676.705 467.863 249.5 
12 1 425 76.875 35.8333 0 0 0 0 679.472 467.407 288.5 
12 1 426 77.1094 35.6944 0 0 0 0 681.969 466.809 314 
12 1 427 77.3828 35.4861 0 0 0 0 684.737 465.938 362.5 
12 1 428 77.4609 35.625 0 0 0 0 687.778 466.198 357 
12 1 429 77.4609 35.9722 0 0 0 0 690.794 467.119 308.5 
12 1 430 77.4219 36.0417 0 0 0 0 690.821 467.424 308.5 
12 1 431 77.6953 35.9028 0 0 0 0 694.001 466.703 273 
12 1 432 77.7734 35.9722 0 0 0 0 696.729 466.915 274.5 
12 1 433 77.8125 36.3194 0 0 0 0 699.794 467.762 289.5 
12 1 434 78.0859 36.1111 0 0 0 0 702.607 466.803 318 
12 1 435 78.3984 35.8333 0 0 0 0 705.379 465.628 325 
12 1 436 78.4375 35.7639 0 0 0 0 705.411 465.498 322 
12 1 437 78.6719 35.6944 0 0 0 0 708.358 464.974 335 
12 1 438 78.6719 35.9722 0 0 0 0 711.078 465.774 315 
12 1 439 78.75 36.1111 0 0 0 0 714.338 466.153 297.5 
12 1 440 78.9062 36.1111 0 0 0 0 716.824 465.862 287 
12 1 441 79.1797 35.9028 0 0 0 0 719.409 464.976 261.5 
12 1 442 79.1797 35.9028 0 0 0 0 719.364 465.033 262.5 
12 1 443 79.2969 35.9722 0 0 0 0 722.041 465.124 321.5 
12 1 444 79.8828 35.3472 0 0 0 0 724.888 462.571 340 
12 1 445 79.8438 35.625 0 0 0 0 727.702 463.451 354.5 
12 1 446 79.7656 36.0417 0 0 0 0 730.238 464.784 343 
12 1 447 79.8828 36.1111 0 0 0 0 732.817 464.822 314.5 
12 1 448 79.8828 36.1111 0 0 0 0 732.847 464.725 312 
12 1 449 80.1172 35.9722 0 0 0 0 735.746 464.092 272 
12 1 450 80.3125 35.9722 0 0 0 0 738.948 464.012 268.5 
12 1 451 80.2734 36.25 0 0 0 0 741.196 464.824 301 
12 1 452 80.5078 36.1806 0 0 0 0 744.534 464.303 324.5 
12 1 453 80.8594 35.9028 0 0 0 0 746.607 463.095 353.5 
12 1 454 80.8594 35.9028 0 0 0 0 746.607 463.095 353.5 
12 1 455 81.0547 35.9028 0 0 0 0 750.448 462.931 299.5 
12 1 456 80.9375 36.3194 0 0 0 0 752.504 464.191 300 
12 1 457 81.2891 36.0417 0 0 0 0 755.499 462.959 261.5 
12 1 458 81.6797 35.6944 0 0 0 0 757.805 461.552 249 
12 1 459 81.6406 35.9028 0 0 0 0 759.953 462.286 297.5 
12 1 460 81.6016 35.9722 0 0 0 0 760.05 462.541 302.5 
12 1 461 81.7969 35.9028 0 0 0 0 762.658 462.1 318 
12 1 462 82.0312 35.8333 0 0 0 0 765.444 461.63 317.5 
12 1 463 81.875 36.25 0 0 0 0 767.923 462.992 302.5 
12 1 464 82.1875 36.0417 0 0 0 0 770.438 462.091 275 
12 1 465 82.3047 36.1111 0 0 0 0 772.891 462.071 239.5 
12 1 466 82.3047 36.1111 0 0 0 0 772.891 462.071 239.5 
12 1 467 82.4219 36.1806 0 0 0 0 775.982 462.189 266.5 
12 1 468 82.3438 36.5278 0 0 0 0 778.178 463.134 304 
12 1 469 82.6172 36.3194 0 0 0 0 780.374 462.379 331.5 
12 1 470 82.8906 36.1111 0 0 0 0 782.663 461.501 334 
12 1 471 82.9297 36.25 0 0 0 0 785.209 461.872 300 
12 1 472 82.9297 36.25 0 0 0 0 785.209 461.872 300 
12 1 473 82.9688 36.4583 0 0 0 0 787.969 462.363 293 
12 1 474 83.4375 36.0417 0 0 0 0 789.967 460.674 292.5 
24 0 299 44.0625 49.3056 0 0 0 0 1040.22 482.923 101.5 
24 0 300 44.0625 49.3056 0 0 0 0 1040.55 483.023 114 
24 0 301 44.0625 49.3056 0 0 0 0 1040.7 482.741 107.5 
24 0 302 45.0781 49.2361 0 0 0 0 1070.66 484.113 110.5 
24 0 302 44.0234 49.3056 0 0 0 0 1039.76 482.883 98 
24 0 303 45.0781 49.2361 0 0 0 0 1070.66 484.113 110.5 
24 0 303 44.0234 49.3056 0 0 0 0 1039.76 482.883 98 
24 0 304 45.1172 49.2361 0 0 0 0 1071.8 484.266 117.5 
24 0 304 44.0625 49.375 0 0 0 0 1040.29 483.065 108 
24 0 305 45.1172 49.2361 0 0 0 0 1071.25 484.224 115.5 
24 0 305 44.0625 49.375 0 0 0 0 1040.33 483.252 115.5 
24 0 306 44.8828 49.2361 0 0 0 0 1064.36 483.847 233.5 
24 0 313 44.1016 49.3056 0 0 0 0 1042.14 483.161 170.5 
24 0 314 43.9844 49.375 0 0 0 0 1037.74 483.221 154 
24 0 315 43.9844 49.4444 0 0 0 0 1037.34 483.404 158.5 
24 0 316 43.9844 49.375 0 0 0 0 1037.61 483.274 166 
24 0 317 43.9844 49.375 0 0 0 0 1037.67 483.069 160 
24 0 318 43.9844 49.375 0 0 0 0 1037.95 483.411 132 
25 0 316 38.3203 49.5139 0 0 0 0 880.257 474.367 101.5 
25 0 317 38.3203 49.5139 0 0 0 0 880.257 474.367 101.5 
26 0 419 38.2812 49.5139 0 0 0 0 879.074 474.32 107.5 
26 0 420 38.2812 49.5139 0 0 0 0 879.453 474.266 103 
27 1 423 77.1484 32.9861 0 0 0 0 657.567 459.045 305.5 
27 1 424 77.1484 32.9861 0 0 0 0 657.476 459.049 313 
27 1 425 77.2656 32.7778 0 0 0 0 657.599 458.554 287 
27 1 426 77.4609 32.4306 0 0 0 0 657.511 457.265 299 
27 1 427 77.5 32.3611 0 0 0 0 657.326 457.041 289.5 
27 1 428 77.5781 32.1528 0 0 0 0 657.202 456.592 297 
27 1 429 77.4609 32.4306 0 0 0 0 657.282 457.265 305 
27 1 430 77.4219 32.4306 0 0 0 0 657.278 457.386 306 
27 1 431 77.5781 32.1528 0 0 0 0 657.052 456.447 283.5 
27 1 432 77.6562 32.0139 0 0 0 0 656.989 455.983 301 
27 1 433 77.6953 31.875 0 0 0 0 656.689 455.735 297.5 
27 1 434 77.7734 31.6667 0 0 0 0 656.137 454.986 286 
27 1 435 77.8906 31.3889 0 0 0 0 655.91 454.294 288.5 
27 1 436 77.8906 31.3889 0 0 0 0 656.028 454.227 284.5 
27 1 437 78.0469 31.1111 0 0 0 0 655.603 453.345 282 
27 1 438 77.8516 31.4583 0 0 0 0 655.41 454.349 292.5 
27 1 439 78.0469 31.0417 0 0 0 0 655.037 453.124 291.5 
27 1 440 78.1641 30.7639 0 0 0 0 654.559 452.443 291 
27 1 441 78.1641 30.7639 0 0 0 0 654.337 452.403 275 
27 1 442 78.2422 30.5556 0 0 0 0 654.332 451.784 273 
27 1 443 78.3594 30.3472 0 0 0 0 654.048 451.228 293.5 
27 1 444 78.4375 30.1389 0 0 0 0 653.853 450.672 292.5 
27 1 445 78.3203 30.3472 0 0 0 0 653.766 451.279 288.5 
27 1 446 78.3594 30.2778 0 0 0 0 653.548 451.03 278 
27 1 447 78.3984 30.1389 0 0 0 0 652.706 450.561 282 
27 1 448 78.3984 30.0694 0 0 0 0 652.672 450.492 281 
27 1 449 78.3594 30.1389 0 0 0 0 652.606 450.688 276.5 
27 1 450 78.3984 30 0 0 0 0 652.225 450.37 261.5 
27 1 451 78.5938 29.6528 0 0 0 0 652.041 449.293 258 
27 1 452 78.8672 29.0972 0 0 0 0 651.658 447.743 260 
27 1 453 78.75 29.2361 0 0 0 0 650.997 448.106 268 
27 1 454 78.75 29.2361 0 0 0 0 650.997 448.106 268 
27 1 455 78.7109 29.3056 0 0 0 0 650.643 448.291 264.5 
27 1 456 78.6328 29.3056 0 0 0 0 650.252 448.462 265.5 
27 1 457 78.8281 28.9583 0 0 0 0 649.676 447.364 260.5 
27 1 458 78.9453 28.6111 0 0 0 0 649.33 446.549 270.5 
27 1 459 78.9062 28.6806 0 0 0 0 649.012 446.65 254 
27 1 460 78.9062 28.6806 0 0 0 0 649.012 446.65 254 
27 1 461 79.0234 28.4028 0 0 0 0 648.659 445.972 264.5 
27 1 462 79.1016 28.1944 0 0 0 0 647.903 445.428 257.5 
27 1 463 79.0625 28.2639 0 0 0 0 647.846 445.625 270 
27 1 464 78.9062 28.4028 0 0 0 0 647.023 446.168 259.5 
27 1 465 78.8672 28.4028 0 0 0 0 646.085 446.142 271.5 
27 1 466 78.8672 28.4028 0 0 0 0 646.09 446.17 273.5 
27 1 467 79.0625 28.0556 0 0 0 0 645.858 445.122 262 
27 1 468 79.0234 27.9861 0 0 0 0 644.957 445.01 267 
27 1 469 79.0625 27.7778 0 0 0 0 643.754 444.508 276 
27 1 470 79.0234 27.7083 0 0 0 0 642.804 444.413 266.5 
27 1 471 78.9453 27.7778 0 0 0 0 641.897 444.626 284.5 
27 1 472 78.9062 27.7778 0 0 0 0 641.915 444.722 285.5 
27 1 473 78.8672 27.7778 0 0 0 0 641.179 444.686 284 
27 1 474 78.6719 27.9861 0 0 0 0 640.112 445.367 264 
28 0 453 43.9062 49.375 0 0 0 0 1035.87 483 101 
28 0 454 43.9453 49.375 0 0 0 0 1036.64 483 109 
29 0 454 38.2422 49.5139 0 0 0 0 878.339 474.255 118 
30 0 459 21.5234 14.5139 0 0 0 0 802.618 341.827 252.5 
30 0 460 21.5234 14.5139 0 0 0 0 802.618 341.827 252.5 
30 0 461 21.4844 14.7917 0 0 0 0 800.295 342.411 264 
30 0 462 21.7969 15.9028 0 0 0 0 798.622 344.517 237.5 
30 0 463 21.8359 16.3889 0 0 0 0 796.465 345.427 210 
30 0 464 21.5234 16.1111 0 0 0 0 793.751 344.68 185 
30 0 465 21.2891 15.9722 0 0 0 0 790.997 344.454 174 
30 0 466 21.2891 15.9722 0 0 0 0 790.997 344.454 174 
30 0 467 21.1719 16.1111 0 0 0 0 788.955 344.652 203.5 
30 0 468 21.0156 16.0417 0 0 0 0 787.139 344.35 199 
30 0 469 20.7031 15.7639 0 0 0 0 784.194 343.827 203 
30 0 470 20.9766 16.8056 0 0 0 0 782.394 345.777 219 
30 0 471 22.8906 16.5972 0 0 0 0 809.687 346.188 156 
30 0 471 20.8594 16.9444 0 0 0 0 779.765 346.062 221 
30 0 472 22.9688 16.7361 0 0 0 0 809.834 346.489 145 
30 0 472 20.8594 16.9444 0 0 0 0 779.873 346.051 220.5 
30 0 473 22.8906 16.9444 0 0 0 0 808.043 346.854 155.5 
30 0 473 20.5078 16.5972 0 0 0 0 777.462 345.18 207 
30 0 474 22.6562 16.7361 0 0 0 0 805.863 346.407 188 
30 0 474 20.3516 16.5278 0 0 0 0 775.168 345.055 195.5 
